<?xml version="1.0" encoding="UTF-8"?>
<!-- Generated by org.testng.reporters.JUnitXMLReporter -->
<testsuite ignored="0" hostname="LTIN271746" failures="0" tests="5" name="Default test" time="40.853" errors="0" timestamp="2024-04-01T09:50:44 IST">
  <testcase classname="TestCases.TestCase1" name="searchCourses" time="10.661"/>
  <testcase classname="TestCases.TestCase1" name="filters" time="6.08"/>
  <testcase classname="TestCases.TestCase1" name="printCoursesName" time="0.29"/>
  <testcase classname="TestCases.TestCase1" name="ratings" time="0.127"/>
  <testcase classname="TestCases.TestCase1" name="countHours" time="23.495"/>
</testsuite> <!-- Default test -->
