<?xml version="1.0" encoding="UTF-8"?>
<!-- Generated by org.testng.reporters.JUnitXMLReporter -->
<testsuite ignored="8" hostname="LTIN271746" failures="0" tests="12" name="Test1" time="194.683" errors="0" timestamp="2024-04-04T15:49:59 IST">
  <testcase classname="TestCases.TC_01" name="checkUrl" time="1.967"/>
  <testcase classname="TestCases.TC_01" name="search" time="85.693"/>
  <testcase classname="TestCases.TC_01" name="clickBeginner" time="3.839"/>
  <testcase classname="TestCases.TC_01" name="clickEnglish" time="2.863"/>
  <testcase classname="TestCases.TC_01" name="ExtractCouseName" time="0.283"/>
  <testcase classname="TestCases.TC_01" name="checkRatings" time="4.179"/>
  <testcase classname="TestCases.TC_01" name="checkCountHours" time="37.239"/>
  <testcase classname="TestCases.TC_02" name="checkTotalLanguages" time="2.14"/>
  <testcase classname="TestCases.TC_02" name="checkForLevels" time="0.591"/>
  <testcase classname="TestCases.TC_03" name="clickForCampus" time="10.919"/>
  <testcase classname="TestCases.TC_03" name="enterFormValues" time="6.779"/>
  <testcase classname="TestCases.TC_03" name="captureErrorMessage" time="0.524"/>
  <testcase classname="TestCases.BaseClass" name="@AfterTest afterSuite" time="0.0">
    <ignored/>
  </testcase> <!-- @AfterTest afterSuite -->
  <testcase classname="TestCases.BaseClass" name="@AfterTest afterSuite" time="0.0">
    <ignored/>
  </testcase> <!-- @AfterTest afterSuite -->
  <testcase classname="TestCases.BaseClass" name="@BeforeTest beforeSuite" time="0.0">
    <ignored/>
  </testcase> <!-- @BeforeTest beforeSuite -->
  <testcase classname="TestCases.BaseClass" name="@BeforeTest beforeSuite" time="0.0">
    <ignored/>
  </testcase> <!-- @BeforeTest beforeSuite -->
  <testcase classname="utilities.reportGenerator" name="@AfterSuite tearDown" time="0.0">
    <ignored/>
  </testcase> <!-- @AfterSuite tearDown -->
  <testcase classname="utilities.reportGenerator" name="@AfterSuite tearDown" time="0.0">
    <ignored/>
  </testcase> <!-- @AfterSuite tearDown -->
  <testcase classname="utilities.reportGenerator" name="@BeforeSuite startReport" time="0.0">
    <ignored/>
  </testcase> <!-- @BeforeSuite startReport -->
  <testcase classname="utilities.reportGenerator" name="@BeforeSuite startReport" time="0.0">
    <ignored/>
  </testcase> <!-- @BeforeSuite startReport -->
</testsuite> <!-- Test1 -->
