<?xml version="1.0" encoding="UTF-8"?>
<!-- Generated by org.testng.reporters.JUnitXMLReporter -->
<testsuite ignored="8" hostname="LTIN271746" failures="0" tests="12" name="Test2" time="150.871" errors="0" timestamp="2024-04-04T15:52:30 IST">
  <testcase classname="TestCases.TC_01" name="checkUrl" time="0.029"/>
  <testcase classname="TestCases.TC_01" name="search" time="9.909"/>
  <testcase classname="TestCases.TC_01" name="clickBeginner" time="3.815"/>
  <testcase classname="TestCases.TC_01" name="clickEnglish" time="2.923"/>
  <testcase classname="TestCases.TC_01" name="ExtractCouseName" time="0.722"/>
  <testcase classname="TestCases.TC_01" name="checkRatings" time="4.147"/>
  <testcase classname="TestCases.TC_01" name="checkCountHours" time="35.723"/>
  <testcase classname="TestCases.TC_02" name="checkTotalLanguages" time="1.977"/>
  <testcase classname="TestCases.TC_02" name="checkForLevels" time="0.18"/>
  <testcase classname="TestCases.TC_03" name="clickForCampus" time="27.05"/>
  <testcase classname="TestCases.TC_03" name="enterFormValues" time="8.156"/>
  <testcase classname="TestCases.TC_03" name="captureErrorMessage" time="0.461"/>
  <testcase classname="TestCases.BaseClass" name="@AfterTest afterSuite" time="0.0">
    <ignored/>
  </testcase> <!-- @AfterTest afterSuite -->
  <testcase classname="TestCases.BaseClass" name="@AfterTest afterSuite" time="0.0">
    <ignored/>
  </testcase> <!-- @AfterTest afterSuite -->
  <testcase classname="TestCases.BaseClass" name="@BeforeTest beforeSuite" time="0.0">
    <ignored/>
  </testcase> <!-- @BeforeTest beforeSuite -->
  <testcase classname="TestCases.BaseClass" name="@BeforeTest beforeSuite" time="0.0">
    <ignored/>
  </testcase> <!-- @BeforeTest beforeSuite -->
  <testcase classname="utilities.reportGenerator" name="@AfterSuite tearDown" time="0.0">
    <ignored/>
  </testcase> <!-- @AfterSuite tearDown -->
  <testcase classname="utilities.reportGenerator" name="@AfterSuite tearDown" time="0.0">
    <ignored/>
  </testcase> <!-- @AfterSuite tearDown -->
  <testcase classname="utilities.reportGenerator" name="@BeforeSuite startReport" time="0.0">
    <ignored/>
  </testcase> <!-- @BeforeSuite startReport -->
  <testcase classname="utilities.reportGenerator" name="@BeforeSuite startReport" time="0.0">
    <ignored/>
  </testcase> <!-- @BeforeSuite startReport -->
</testsuite> <!-- Test2 -->
