<?xml version="1.0" encoding="UTF-8"?>
<!-- Generated by org.testng.reporters.JUnitXMLReporter -->
<testsuite ignored="8" hostname="LTIN271746" failures="1" tests="10" name="Test" time="109.883" errors="0" timestamp="2024-03-30T13:10:21 IST">
  <testcase classname="TestCases.TestCase1" name="searchCourses" time="11.953"/>
  <testcase classname="TestCases.TestCase1" name="filters" time="7.477"/>
  <testcase classname="TestCases.TestCase1" name="printCoursesName" time="0.194"/>
  <testcase classname="TestCases.TestCase1" name="ratings" time="0.077"/>
  <testcase classname="TestCases.TestCase1" name="countHours" time="38.354"/>
  <testcase classname="TestCases.TestCase2" name="countLang" time="4.132"/>
  <testcase classname="TestCases.TestCase2" name="countLevel" time="0.114"/>
  <testcase classname="TestCases.TestCase3" name="clickForCampus" time="47.442">
    <failure type="java.lang.AssertionError" message="expected [] but found [Coursera for Campus]">
      <![CDATA[java.lang.AssertionError: expected [] but found [Coursera for Campus]
at TestCases.TestCase3.clickForCampus(TestCase3.java:32)
at java.base/java.util.ArrayList.forEach(ArrayList.java:1511)
... Removed 33 stack frames]]>
    </failure>
  </testcase> <!-- clickForCampus -->
  <testcase classname="TestCases.TestCase3" name="enterFormValues" time="0.0">
    <skipped/>
  </testcase> <!-- enterFormValues -->
  <testcase classname="TestCases.TestCase3" name="captureErrorMessage" time="0.0">
    <skipped/>
  </testcase> <!-- captureErrorMessage -->
  <testcase classname="TestCases.BaseClass" name="@AfterSuite afterSuite" time="0.0">
    <ignored/>
  </testcase> <!-- @AfterSuite afterSuite -->
  <testcase classname="TestCases.BaseClass" name="@AfterSuite afterSuite" time="0.0">
    <ignored/>
  </testcase> <!-- @AfterSuite afterSuite -->
  <testcase classname="TestCases.BaseClass" name="@BeforeSuite beforeSuite" time="0.0">
    <ignored/>
  </testcase> <!-- @BeforeSuite beforeSuite -->
  <testcase classname="TestCases.BaseClass" name="@BeforeSuite beforeSuite" time="0.0">
    <ignored/>
  </testcase> <!-- @BeforeSuite beforeSuite -->
  <testcase classname="utilities.reportGenerator" name="@AfterSuite tearDown" time="0.0">
    <ignored/>
  </testcase> <!-- @AfterSuite tearDown -->
  <testcase classname="utilities.reportGenerator" name="@AfterSuite tearDown" time="0.0">
    <ignored/>
  </testcase> <!-- @AfterSuite tearDown -->
  <testcase classname="utilities.reportGenerator" name="@BeforeSuite startReport" time="0.0">
    <ignored/>
  </testcase> <!-- @BeforeSuite startReport -->
  <testcase classname="utilities.reportGenerator" name="@BeforeSuite startReport" time="0.0">
    <ignored/>
  </testcase> <!-- @BeforeSuite startReport -->
</testsuite> <!-- Test -->
