<?xml version="1.0" encoding="UTF-8"?>
<!-- Generated by org.testng.reporters.JUnitXMLReporter -->
<testsuite ignored="0" hostname="LTIN271746" failures="0" tests="3" name="Test3" time="18.652" errors="0" timestamp="2024-04-04T07:44:37 IST">
  <testcase classname="TestCases.TestCase3" name="clickForCampus" time="10.4"/>
  <testcase classname="TestCases.TestCase3" name="enterFormValues" time="5.31"/>
  <testcase classname="TestCases.TestCase3" name="captureErrorMessage" time="0.433"/>
</testsuite> <!-- Test3 -->
