<?xml version="1.0" encoding="UTF-8"?>
<!-- Generated by org.testng.reporters.JUnitXMLReporter -->
<testsuite ignored="8" hostname="LTIN271746" failures="0" tests="12" name="Test1" time="123.794" errors="0" timestamp="2024-04-04T17:34:57 IST">
  <testcase classname="TestCases.TC_01" name="checkUrl" time="0.067"/>
  <testcase classname="TestCases.TC_01" name="search" time="10.255"/>
  <testcase classname="TestCases.TC_01" name="clickBeginner" time="3.411"/>
  <testcase classname="TestCases.TC_01" name="clickEnglish" time="2.877"/>
  <testcase classname="TestCases.TC_01" name="ExtractCouseName" time="0.242"/>
  <testcase classname="TestCases.TC_01" name="checkRatings" time="4.208"/>
  <testcase classname="TestCases.TC_01" name="checkCountHours" time="18.848"/>
  <testcase classname="TestCases.TC_02" name="checkTotalLanguages" time="1.949"/>
  <testcase classname="TestCases.TC_02" name="checkForLevels" time="0.19"/>
  <testcase classname="TestCases.TC_03" name="clickForCampus" time="12.059"/>
  <testcase classname="TestCases.TC_03" name="enterFormValues" time="8.781"/>
  <testcase classname="TestCases.TC_03" name="captureErrorMessage" time="1.161"/>
  <testcase classname="TestCases.BaseClass" name="@AfterTest afterSuite" time="0.0">
    <ignored/>
  </testcase> <!-- @AfterTest afterSuite -->
  <testcase classname="TestCases.BaseClass" name="@AfterTest afterSuite" time="0.0">
    <ignored/>
  </testcase> <!-- @AfterTest afterSuite -->
  <testcase classname="TestCases.BaseClass" name="@BeforeTest beforeSuite" time="0.0">
    <ignored/>
  </testcase> <!-- @BeforeTest beforeSuite -->
  <testcase classname="TestCases.BaseClass" name="@BeforeTest beforeSuite" time="0.0">
    <ignored/>
  </testcase> <!-- @BeforeTest beforeSuite -->
  <testcase classname="utilities.reportGenerator" name="@AfterSuite tearDown" time="0.0">
    <ignored/>
  </testcase> <!-- @AfterSuite tearDown -->
  <testcase classname="utilities.reportGenerator" name="@AfterSuite tearDown" time="0.0">
    <ignored/>
  </testcase> <!-- @AfterSuite tearDown -->
  <testcase classname="utilities.reportGenerator" name="@BeforeSuite startReport" time="0.0">
    <ignored/>
  </testcase> <!-- @BeforeSuite startReport -->
  <testcase classname="utilities.reportGenerator" name="@BeforeSuite startReport" time="0.0">
    <ignored/>
  </testcase> <!-- @BeforeSuite startReport -->
</testsuite> <!-- Test1 -->
