<?xml version="1.0" encoding="UTF-8"?>
<!-- Generated by org.testng.reporters.JUnitXMLReporter -->
<testsuite ignored="0" hostname="LTIN271746" failures="0" tests="3" name="Test3" time="27.41" errors="0" timestamp="2024-04-01T10:44:19 IST">
  <testcase classname="TestCases.TestCase3" name="clickForCampus" time="16.709"/>
  <testcase classname="TestCases.TestCase3" name="enterFormValues" time="6.458"/>
  <testcase classname="TestCases.TestCase3" name="captureErrorMessage" time="0.525"/>
</testsuite> <!-- Test3 -->
