<?xml version="1.0" encoding="UTF-8"?>
<!-- Generated by org.testng.reporters.JUnitXMLReporter -->
<testsuite ignored="8" hostname="LTIN271746" failures="0" tests="9" name="Test" time="94.351" errors="0" timestamp="2024-03-29T15:31:28 IST">
  <testcase classname="TestCases.TestCase1" name="searchCourses" time="11.778"/>
  <testcase classname="TestCases.TestCase1" name="filters" time="7.797"/>
  <testcase classname="TestCases.TestCase1" name="printCoursesName" time="0.341"/>
  <testcase classname="TestCases.TestCase1" name="ratings" time="0.112"/>
  <testcase classname="TestCases.TestCase1" name="countHours" time="21.439"/>
  <testcase classname="TestCases.TestCase2" name="countLang" time="4.813"/>
  <testcase classname="TestCases.TestCase2" name="countLevel" time="0.165"/>
  <testcase classname="TestCases.TestCase3" name="clickForCampus" time="19.832"/>
  <testcase classname="TestCases.TestCase3" name="enterFormValues" time="24.191"/>
  <testcase classname="TestCases.BaseClass" name="@AfterSuite afterSuite" time="0.0">
    <ignored/>
  </testcase> <!-- @AfterSuite afterSuite -->
  <testcase classname="TestCases.BaseClass" name="@AfterSuite afterSuite" time="0.0">
    <ignored/>
  </testcase> <!-- @AfterSuite afterSuite -->
  <testcase classname="TestCases.BaseClass" name="@BeforeSuite beforeSuite" time="0.0">
    <ignored/>
  </testcase> <!-- @BeforeSuite beforeSuite -->
  <testcase classname="TestCases.BaseClass" name="@BeforeSuite beforeSuite" time="0.0">
    <ignored/>
  </testcase> <!-- @BeforeSuite beforeSuite -->
  <testcase classname="utilities.reportGenerator" name="@AfterSuite tearDown" time="0.0">
    <ignored/>
  </testcase> <!-- @AfterSuite tearDown -->
  <testcase classname="utilities.reportGenerator" name="@AfterSuite tearDown" time="0.0">
    <ignored/>
  </testcase> <!-- @AfterSuite tearDown -->
  <testcase classname="utilities.reportGenerator" name="@BeforeSuite startReport" time="0.0">
    <ignored/>
  </testcase> <!-- @BeforeSuite startReport -->
  <testcase classname="utilities.reportGenerator" name="@BeforeSuite startReport" time="0.0">
    <ignored/>
  </testcase> <!-- @BeforeSuite startReport -->
</testsuite> <!-- Test -->
