<?xml version="1.0" encoding="UTF-8"?>
<testng-results ignored="16" total="40" passed="24" failed="0" skipped="0">
  <reporter-output>
  </reporter-output>
  <suite started-at="2024-04-04T17:32:53 IST" name="Suite" finished-at="2024-04-04T17:36:26 IST" duration-ms="213117">
    <groups>
      <group name="smoke">
        <method signature="TC_01.checkUrl()[pri:1, instance:TestCases.TC_01@23c30a20]" name="checkUrl" class="TestCases.TC_01"/>
        <method signature="TC_01.checkUrl()[pri:1, instance:TestCases.TC_01@6340e5f0]" name="checkUrl" class="TestCases.TC_01"/>
      </group> <!-- smoke -->
    </groups>
    <test started-at="2024-04-04T17:32:53 IST" name="Test1" finished-at="2024-04-04T17:34:57 IST" duration-ms="123794">
      <class name="TestCases.TC_01">
        <test-method is-config="true" signature="beforeSuite(java.lang.String)[pri:0, instance:TestCases.TC_01@23c30a20]" started-at="2024-04-04T17:32:53 IST" name="beforeSuite" finished-at="2024-04-04T17:33:39 IST" duration-ms="46142" status="PASS">
          <params>
            <param index="0">
              <value>
                <![CDATA[Chrome]]>
              </value>
            </param>
          </params>
          <reporter-output>
          </reporter-output>
        </test-method> <!-- beforeSuite -->
        <test-method is-config="true" signature="beforeMethod(org.testng.ITestResult)[pri:0, instance:TestCases.TC_01@23c30a20]" started-at="2024-04-04T17:33:39 IST" name="beforeMethod" finished-at="2024-04-04T17:33:39 IST" duration-ms="6" status="PASS">
          <params>
            <param index="0">
              <value>
                <![CDATA[[TestResult name={null} status=CREATED method=TC_01.checkUrl()[pri:1, instance:TestCases.TC_01@23c30a20] output={null}]]]>
              </value>
            </param>
          </params>
          <reporter-output>
          </reporter-output>
        </test-method> <!-- beforeMethod -->
        <test-method signature="checkUrl()[pri:1, instance:TestCases.TC_01@23c30a20]" started-at="2024-04-04T17:33:39 IST" name="checkUrl" finished-at="2024-04-04T17:33:39 IST" duration-ms="67" status="PASS">
          <reporter-output>
          </reporter-output>
        </test-method> <!-- checkUrl -->
        <test-method is-config="true" signature="afterMethod(org.testng.ITestResult)[pri:0, instance:TestCases.TC_01@23c30a20]" started-at="2024-04-04T17:33:39 IST" name="afterMethod" finished-at="2024-04-04T17:33:39 IST" duration-ms="1" status="PASS">
          <params>
            <param index="0">
              <value>
                <![CDATA[[TestResult name=checkUrl status=SUCCESS method=TC_01.checkUrl()[pri:1, instance:TestCases.TC_01@23c30a20] output={null}]]]>
              </value>
            </param>
          </params>
          <reporter-output>
          </reporter-output>
        </test-method> <!-- afterMethod -->
        <test-method is-config="true" signature="getResult(org.testng.ITestResult)[pri:0, instance:TestCases.TC_01@23c30a20]" started-at="2024-04-04T17:33:39 IST" name="getResult" finished-at="2024-04-04T17:33:39 IST" duration-ms="25" status="PASS">
          <params>
            <param index="0">
              <value>
                <![CDATA[[TestResult name=checkUrl status=SUCCESS method=TC_01.checkUrl()[pri:1, instance:TestCases.TC_01@23c30a20] output={null}]]]>
              </value>
            </param>
          </params>
          <reporter-output>
          </reporter-output>
        </test-method> <!-- getResult -->
        <test-method is-config="true" signature="beforeMethod(org.testng.ITestResult)[pri:0, instance:TestCases.TC_01@23c30a20]" started-at="2024-04-04T17:33:39 IST" name="beforeMethod" finished-at="2024-04-04T17:33:39 IST" duration-ms="1" status="PASS">
          <params>
            <param index="0">
              <value>
                <![CDATA[[TestResult name={null} status=CREATED method=TC_01.search()[pri:2, instance:TestCases.TC_01@23c30a20] output={null}]]]>
              </value>
            </param>
          </params>
          <reporter-output>
          </reporter-output>
        </test-method> <!-- beforeMethod -->
        <test-method signature="search()[pri:2, instance:TestCases.TC_01@23c30a20]" started-at="2024-04-04T17:33:39 IST" name="search" finished-at="2024-04-04T17:33:50 IST" depends-on-methods="TestCases.TC_01.checkUrl" duration-ms="10255" status="PASS">
          <reporter-output>
          </reporter-output>
        </test-method> <!-- search -->
        <test-method is-config="true" signature="afterMethod(org.testng.ITestResult)[pri:0, instance:TestCases.TC_01@23c30a20]" started-at="2024-04-04T17:33:50 IST" name="afterMethod" finished-at="2024-04-04T17:33:50 IST" duration-ms="1" status="PASS">
          <params>
            <param index="0">
              <value>
                <![CDATA[[TestResult name=search status=SUCCESS method=TC_01.search()[pri:2, instance:TestCases.TC_01@23c30a20] output={null}]]]>
              </value>
            </param>
          </params>
          <reporter-output>
          </reporter-output>
        </test-method> <!-- afterMethod -->
        <test-method is-config="true" signature="getResult(org.testng.ITestResult)[pri:0, instance:TestCases.TC_01@23c30a20]" started-at="2024-04-04T17:33:50 IST" name="getResult" finished-at="2024-04-04T17:33:50 IST" duration-ms="1" status="PASS">
          <params>
            <param index="0">
              <value>
                <![CDATA[[TestResult name=search status=SUCCESS method=TC_01.search()[pri:2, instance:TestCases.TC_01@23c30a20] output={null}]]]>
              </value>
            </param>
          </params>
          <reporter-output>
          </reporter-output>
        </test-method> <!-- getResult -->
        <test-method is-config="true" signature="beforeMethod(org.testng.ITestResult)[pri:0, instance:TestCases.TC_01@23c30a20]" started-at="2024-04-04T17:33:50 IST" name="beforeMethod" finished-at="2024-04-04T17:33:50 IST" duration-ms="1" status="PASS">
          <params>
            <param index="0">
              <value>
                <![CDATA[[TestResult name={null} status=CREATED method=TC_01.clickBeginner()[pri:3, instance:TestCases.TC_01@23c30a20] output={null}]]]>
              </value>
            </param>
          </params>
          <reporter-output>
          </reporter-output>
        </test-method> <!-- beforeMethod -->
        <test-method signature="clickBeginner()[pri:3, instance:TestCases.TC_01@23c30a20]" started-at="2024-04-04T17:33:50 IST" name="clickBeginner" finished-at="2024-04-04T17:33:53 IST" duration-ms="3411" status="PASS">
          <reporter-output>
          </reporter-output>
        </test-method> <!-- clickBeginner -->
        <test-method is-config="true" signature="afterMethod(org.testng.ITestResult)[pri:0, instance:TestCases.TC_01@23c30a20]" started-at="2024-04-04T17:33:53 IST" name="afterMethod" finished-at="2024-04-04T17:33:53 IST" duration-ms="1" status="PASS">
          <params>
            <param index="0">
              <value>
                <![CDATA[[TestResult name=clickBeginner status=SUCCESS method=TC_01.clickBeginner()[pri:3, instance:TestCases.TC_01@23c30a20] output={null}]]]>
              </value>
            </param>
          </params>
          <reporter-output>
          </reporter-output>
        </test-method> <!-- afterMethod -->
        <test-method is-config="true" signature="getResult(org.testng.ITestResult)[pri:0, instance:TestCases.TC_01@23c30a20]" started-at="2024-04-04T17:33:53 IST" name="getResult" finished-at="2024-04-04T17:33:53 IST" duration-ms="2" status="PASS">
          <params>
            <param index="0">
              <value>
                <![CDATA[[TestResult name=clickBeginner status=SUCCESS method=TC_01.clickBeginner()[pri:3, instance:TestCases.TC_01@23c30a20] output={null}]]]>
              </value>
            </param>
          </params>
          <reporter-output>
          </reporter-output>
        </test-method> <!-- getResult -->
        <test-method is-config="true" signature="beforeMethod(org.testng.ITestResult)[pri:0, instance:TestCases.TC_01@23c30a20]" started-at="2024-04-04T17:33:53 IST" name="beforeMethod" finished-at="2024-04-04T17:33:53 IST" duration-ms="1" status="PASS">
          <params>
            <param index="0">
              <value>
                <![CDATA[[TestResult name={null} status=CREATED method=TC_01.clickEnglish()[pri:4, instance:TestCases.TC_01@23c30a20] output={null}]]]>
              </value>
            </param>
          </params>
          <reporter-output>
          </reporter-output>
        </test-method> <!-- beforeMethod -->
        <test-method signature="clickEnglish()[pri:4, instance:TestCases.TC_01@23c30a20]" started-at="2024-04-04T17:33:53 IST" name="clickEnglish" finished-at="2024-04-04T17:33:56 IST" duration-ms="2877" status="PASS">
          <reporter-output>
          </reporter-output>
        </test-method> <!-- clickEnglish -->
        <test-method is-config="true" signature="afterMethod(org.testng.ITestResult)[pri:0, instance:TestCases.TC_01@23c30a20]" started-at="2024-04-04T17:33:56 IST" name="afterMethod" finished-at="2024-04-04T17:33:56 IST" duration-ms="1" status="PASS">
          <params>
            <param index="0">
              <value>
                <![CDATA[[TestResult name=clickEnglish status=SUCCESS method=TC_01.clickEnglish()[pri:4, instance:TestCases.TC_01@23c30a20] output={null}]]]>
              </value>
            </param>
          </params>
          <reporter-output>
          </reporter-output>
        </test-method> <!-- afterMethod -->
        <test-method is-config="true" signature="getResult(org.testng.ITestResult)[pri:0, instance:TestCases.TC_01@23c30a20]" started-at="2024-04-04T17:33:56 IST" name="getResult" finished-at="2024-04-04T17:33:56 IST" duration-ms="2" status="PASS">
          <params>
            <param index="0">
              <value>
                <![CDATA[[TestResult name=clickEnglish status=SUCCESS method=TC_01.clickEnglish()[pri:4, instance:TestCases.TC_01@23c30a20] output={null}]]]>
              </value>
            </param>
          </params>
          <reporter-output>
          </reporter-output>
        </test-method> <!-- getResult -->
        <test-method is-config="true" signature="beforeMethod(org.testng.ITestResult)[pri:0, instance:TestCases.TC_01@23c30a20]" started-at="2024-04-04T17:33:56 IST" name="beforeMethod" finished-at="2024-04-04T17:33:56 IST" duration-ms="1" status="PASS">
          <params>
            <param index="0">
              <value>
                <![CDATA[[TestResult name={null} status=CREATED method=TC_01.ExtractCouseName()[pri:5, instance:TestCases.TC_01@23c30a20] output={null}]]]>
              </value>
            </param>
          </params>
          <reporter-output>
          </reporter-output>
        </test-method> <!-- beforeMethod -->
        <test-method signature="ExtractCouseName()[pri:5, instance:TestCases.TC_01@23c30a20]" started-at="2024-04-04T17:33:56 IST" name="ExtractCouseName" finished-at="2024-04-04T17:33:56 IST" duration-ms="242" status="PASS">
          <reporter-output>
          </reporter-output>
        </test-method> <!-- ExtractCouseName -->
        <test-method is-config="true" signature="afterMethod(org.testng.ITestResult)[pri:0, instance:TestCases.TC_01@23c30a20]" started-at="2024-04-04T17:33:56 IST" name="afterMethod" finished-at="2024-04-04T17:33:56 IST" duration-ms="1" status="PASS">
          <params>
            <param index="0">
              <value>
                <![CDATA[[TestResult name=ExtractCouseName status=SUCCESS method=TC_01.ExtractCouseName()[pri:5, instance:TestCases.TC_01@23c30a20] output={null}]]]>
              </value>
            </param>
          </params>
          <reporter-output>
          </reporter-output>
        </test-method> <!-- afterMethod -->
        <test-method is-config="true" signature="getResult(org.testng.ITestResult)[pri:0, instance:TestCases.TC_01@23c30a20]" started-at="2024-04-04T17:33:56 IST" name="getResult" finished-at="2024-04-04T17:33:56 IST" duration-ms="1" status="PASS">
          <params>
            <param index="0">
              <value>
                <![CDATA[[TestResult name=ExtractCouseName status=SUCCESS method=TC_01.ExtractCouseName()[pri:5, instance:TestCases.TC_01@23c30a20] output={null}]]]>
              </value>
            </param>
          </params>
          <reporter-output>
          </reporter-output>
        </test-method> <!-- getResult -->
        <test-method is-config="true" signature="beforeMethod(org.testng.ITestResult)[pri:0, instance:TestCases.TC_01@23c30a20]" started-at="2024-04-04T17:33:56 IST" name="beforeMethod" finished-at="2024-04-04T17:33:56 IST" duration-ms="1" status="PASS">
          <params>
            <param index="0">
              <value>
                <![CDATA[[TestResult name={null} status=CREATED method=TC_01.checkRatings()[pri:6, instance:TestCases.TC_01@23c30a20] output={null}]]]>
              </value>
            </param>
          </params>
          <reporter-output>
          </reporter-output>
        </test-method> <!-- beforeMethod -->
        <test-method signature="checkRatings()[pri:6, instance:TestCases.TC_01@23c30a20]" started-at="2024-04-04T17:33:56 IST" name="checkRatings" finished-at="2024-04-04T17:34:00 IST" duration-ms="4208" status="PASS">
          <reporter-output>
          </reporter-output>
        </test-method> <!-- checkRatings -->
        <test-method is-config="true" signature="afterMethod(org.testng.ITestResult)[pri:0, instance:TestCases.TC_01@23c30a20]" started-at="2024-04-04T17:34:00 IST" name="afterMethod" finished-at="2024-04-04T17:34:00 IST" duration-ms="2" status="PASS">
          <params>
            <param index="0">
              <value>
                <![CDATA[[TestResult name=checkRatings status=SUCCESS method=TC_01.checkRatings()[pri:6, instance:TestCases.TC_01@23c30a20] output={null}]]]>
              </value>
            </param>
          </params>
          <reporter-output>
          </reporter-output>
        </test-method> <!-- afterMethod -->
        <test-method is-config="true" signature="getResult(org.testng.ITestResult)[pri:0, instance:TestCases.TC_01@23c30a20]" started-at="2024-04-04T17:34:00 IST" name="getResult" finished-at="2024-04-04T17:34:00 IST" duration-ms="1" status="PASS">
          <params>
            <param index="0">
              <value>
                <![CDATA[[TestResult name=checkRatings status=SUCCESS method=TC_01.checkRatings()[pri:6, instance:TestCases.TC_01@23c30a20] output={null}]]]>
              </value>
            </param>
          </params>
          <reporter-output>
          </reporter-output>
        </test-method> <!-- getResult -->
        <test-method is-config="true" signature="beforeMethod(org.testng.ITestResult)[pri:0, instance:TestCases.TC_01@23c30a20]" started-at="2024-04-04T17:34:00 IST" name="beforeMethod" finished-at="2024-04-04T17:34:00 IST" duration-ms="1" status="PASS">
          <params>
            <param index="0">
              <value>
                <![CDATA[[TestResult name={null} status=CREATED method=TC_01.checkCountHours()[pri:7, instance:TestCases.TC_01@23c30a20] output={null}]]]>
              </value>
            </param>
          </params>
          <reporter-output>
          </reporter-output>
        </test-method> <!-- beforeMethod -->
        <test-method signature="checkCountHours()[pri:7, instance:TestCases.TC_01@23c30a20]" started-at="2024-04-04T17:34:00 IST" name="checkCountHours" finished-at="2024-04-04T17:34:19 IST" duration-ms="18848" status="PASS">
          <reporter-output>
          </reporter-output>
        </test-method> <!-- checkCountHours -->
        <test-method is-config="true" signature="afterMethod(org.testng.ITestResult)[pri:0, instance:TestCases.TC_01@23c30a20]" started-at="2024-04-04T17:34:19 IST" name="afterMethod" finished-at="2024-04-04T17:34:19 IST" duration-ms="1" status="PASS">
          <params>
            <param index="0">
              <value>
                <![CDATA[[TestResult name=checkCountHours status=SUCCESS method=TC_01.checkCountHours()[pri:7, instance:TestCases.TC_01@23c30a20] output={null}]]]>
              </value>
            </param>
          </params>
          <reporter-output>
          </reporter-output>
        </test-method> <!-- afterMethod -->
        <test-method is-config="true" signature="getResult(org.testng.ITestResult)[pri:0, instance:TestCases.TC_01@23c30a20]" started-at="2024-04-04T17:34:19 IST" name="getResult" finished-at="2024-04-04T17:34:19 IST" duration-ms="1" status="PASS">
          <params>
            <param index="0">
              <value>
                <![CDATA[[TestResult name=checkCountHours status=SUCCESS method=TC_01.checkCountHours()[pri:7, instance:TestCases.TC_01@23c30a20] output={null}]]]>
              </value>
            </param>
          </params>
          <reporter-output>
          </reporter-output>
        </test-method> <!-- getResult -->
        <test-method is-config="true" signature="afterSuite()[pri:0, instance:TestCases.TC_01@23c30a20]" started-at="2024-04-04T17:34:47 IST" name="afterSuite" finished-at="2024-04-04T17:34:57 IST" duration-ms="10040" status="PASS">
          <reporter-output>
          </reporter-output>
        </test-method> <!-- afterSuite -->
      </class> <!-- TestCases.TC_01 -->
      <class name="TestCases.TC_02">
        <test-method is-config="true" signature="beforeMethod(org.testng.ITestResult)[pri:0, instance:TestCases.TC_02@428640fa]" started-at="2024-04-04T17:34:19 IST" name="beforeMethod" finished-at="2024-04-04T17:34:19 IST" duration-ms="0" status="PASS">
          <params>
            <param index="0">
              <value>
                <![CDATA[[TestResult name={null} status=CREATED method=TC_02.checkTotalLanguages()[pri:1, instance:TestCases.TC_02@428640fa] output={null}]]]>
              </value>
            </param>
          </params>
          <reporter-output>
          </reporter-output>
        </test-method> <!-- beforeMethod -->
        <test-method signature="checkTotalLanguages()[pri:1, instance:TestCases.TC_02@428640fa]" started-at="2024-04-04T17:34:19 IST" name="checkTotalLanguages" finished-at="2024-04-04T17:34:21 IST" duration-ms="1949" status="PASS">
          <reporter-output>
          </reporter-output>
        </test-method> <!-- checkTotalLanguages -->
        <test-method is-config="true" signature="afterMethod(org.testng.ITestResult)[pri:0, instance:TestCases.TC_02@428640fa]" started-at="2024-04-04T17:34:21 IST" name="afterMethod" finished-at="2024-04-04T17:34:21 IST" duration-ms="1" status="PASS">
          <params>
            <param index="0">
              <value>
                <![CDATA[[TestResult name=checkTotalLanguages status=SUCCESS method=TC_02.checkTotalLanguages()[pri:1, instance:TestCases.TC_02@428640fa] output={null}]]]>
              </value>
            </param>
          </params>
          <reporter-output>
          </reporter-output>
        </test-method> <!-- afterMethod -->
        <test-method is-config="true" signature="getResult(org.testng.ITestResult)[pri:0, instance:TestCases.TC_02@428640fa]" started-at="2024-04-04T17:34:21 IST" name="getResult" finished-at="2024-04-04T17:34:21 IST" duration-ms="1" status="PASS">
          <params>
            <param index="0">
              <value>
                <![CDATA[[TestResult name=checkTotalLanguages status=SUCCESS method=TC_02.checkTotalLanguages()[pri:1, instance:TestCases.TC_02@428640fa] output={null}]]]>
              </value>
            </param>
          </params>
          <reporter-output>
          </reporter-output>
        </test-method> <!-- getResult -->
        <test-method is-config="true" signature="beforeMethod(org.testng.ITestResult)[pri:0, instance:TestCases.TC_02@428640fa]" started-at="2024-04-04T17:34:21 IST" name="beforeMethod" finished-at="2024-04-04T17:34:21 IST" duration-ms="1" status="PASS">
          <params>
            <param index="0">
              <value>
                <![CDATA[[TestResult name={null} status=CREATED method=TC_02.checkForLevels()[pri:2, instance:TestCases.TC_02@428640fa] output={null}]]]>
              </value>
            </param>
          </params>
          <reporter-output>
          </reporter-output>
        </test-method> <!-- beforeMethod -->
        <test-method signature="checkForLevels()[pri:2, instance:TestCases.TC_02@428640fa]" started-at="2024-04-04T17:34:21 IST" name="checkForLevels" finished-at="2024-04-04T17:34:21 IST" duration-ms="190" status="PASS">
          <reporter-output>
          </reporter-output>
        </test-method> <!-- checkForLevels -->
        <test-method is-config="true" signature="afterMethod(org.testng.ITestResult)[pri:0, instance:TestCases.TC_02@428640fa]" started-at="2024-04-04T17:34:21 IST" name="afterMethod" finished-at="2024-04-04T17:34:21 IST" duration-ms="1" status="PASS">
          <params>
            <param index="0">
              <value>
                <![CDATA[[TestResult name=checkForLevels status=SUCCESS method=TC_02.checkForLevels()[pri:2, instance:TestCases.TC_02@428640fa] output={null}]]]>
              </value>
            </param>
          </params>
          <reporter-output>
          </reporter-output>
        </test-method> <!-- afterMethod -->
        <test-method is-config="true" signature="getResult(org.testng.ITestResult)[pri:0, instance:TestCases.TC_02@428640fa]" started-at="2024-04-04T17:34:21 IST" name="getResult" finished-at="2024-04-04T17:34:21 IST" duration-ms="2" status="PASS">
          <params>
            <param index="0">
              <value>
                <![CDATA[[TestResult name=checkForLevels status=SUCCESS method=TC_02.checkForLevels()[pri:2, instance:TestCases.TC_02@428640fa] output={null}]]]>
              </value>
            </param>
          </params>
          <reporter-output>
          </reporter-output>
        </test-method> <!-- getResult -->
      </class> <!-- TestCases.TC_02 -->
      <class name="TestCases.TC_03">
        <test-method is-config="true" signature="beforeMethod(org.testng.ITestResult)[pri:0, instance:TestCases.TC_03@273e7444]" started-at="2024-04-04T17:34:21 IST" name="beforeMethod" finished-at="2024-04-04T17:34:21 IST" duration-ms="1" status="PASS">
          <params>
            <param index="0">
              <value>
                <![CDATA[[TestResult name={null} status=CREATED method=TC_03.clickForCampus()[pri:1, instance:TestCases.TC_03@273e7444] output={null}]]]>
              </value>
            </param>
          </params>
          <reporter-output>
          </reporter-output>
        </test-method> <!-- beforeMethod -->
        <test-method signature="clickForCampus()[pri:1, instance:TestCases.TC_03@273e7444]" started-at="2024-04-04T17:34:21 IST" name="clickForCampus" finished-at="2024-04-04T17:34:33 IST" duration-ms="12059" status="PASS">
          <reporter-output>
          </reporter-output>
        </test-method> <!-- clickForCampus -->
        <test-method is-config="true" signature="afterMethod(org.testng.ITestResult)[pri:0, instance:TestCases.TC_03@273e7444]" started-at="2024-04-04T17:34:33 IST" name="afterMethod" finished-at="2024-04-04T17:34:33 IST" duration-ms="1" status="PASS">
          <params>
            <param index="0">
              <value>
                <![CDATA[[TestResult name=clickForCampus status=SUCCESS method=TC_03.clickForCampus()[pri:1, instance:TestCases.TC_03@273e7444] output={null}]]]>
              </value>
            </param>
          </params>
          <reporter-output>
          </reporter-output>
        </test-method> <!-- afterMethod -->
        <test-method is-config="true" signature="getResult(org.testng.ITestResult)[pri:0, instance:TestCases.TC_03@273e7444]" started-at="2024-04-04T17:34:33 IST" name="getResult" finished-at="2024-04-04T17:34:33 IST" duration-ms="1" status="PASS">
          <params>
            <param index="0">
              <value>
                <![CDATA[[TestResult name=clickForCampus status=SUCCESS method=TC_03.clickForCampus()[pri:1, instance:TestCases.TC_03@273e7444] output={null}]]]>
              </value>
            </param>
          </params>
          <reporter-output>
          </reporter-output>
        </test-method> <!-- getResult -->
        <test-method is-config="true" signature="beforeMethod(org.testng.ITestResult)[pri:0, instance:TestCases.TC_03@273e7444]" started-at="2024-04-04T17:34:37 IST" name="beforeMethod" finished-at="2024-04-04T17:34:37 IST" duration-ms="1" status="PASS">
          <params>
            <param index="0">
              <value>
                <![CDATA[[TestResult name={null} status=CREATED method=TC_03.enterFormValues(java.lang.String,java.lang.String,java.lang.String,java.lang.String,java.lang.String)[pri:2, instance:TestCases.TC_03@273e7444] output={null}]]]>
              </value>
            </param>
          </params>
          <reporter-output>
          </reporter-output>
        </test-method> <!-- beforeMethod -->
        <test-method signature="enterFormValues(java.lang.String,java.lang.String,java.lang.String,java.lang.String,java.lang.String)[pri:2, instance:TestCases.TC_03@273e7444]" started-at="2024-04-04T17:34:37 IST" name="enterFormValues" data-provider="dp" finished-at="2024-04-04T17:34:46 IST" depends-on-methods="TestCases.TC_03.clickForCampus" duration-ms="8781" status="PASS">
          <params>
            <param index="0">
              <value>
                <![CDATA[Barry]]>
              </value>
            </param>
            <param index="1">
              <value>
                <![CDATA[allen]]>
              </value>
            </param>
            <param index="2">
              <value>
                <![CDATA[barryallen]]>
              </value>
            </param>
            <param index="3">
              <value>
                <![CDATA[9.87654321E8]]>
              </value>
            </param>
            <param index="4">
              <value>
                <![CDATA[CTS1]]>
              </value>
            </param>
          </params>
          <reporter-output>
          </reporter-output>
        </test-method> <!-- enterFormValues -->
        <test-method is-config="true" signature="afterMethod(org.testng.ITestResult)[pri:0, instance:TestCases.TC_03@273e7444]" started-at="2024-04-04T17:34:46 IST" name="afterMethod" finished-at="2024-04-04T17:34:46 IST" duration-ms="1" status="PASS">
          <params>
            <param index="0">
              <value>
                <![CDATA[[TestResult name=enterFormValues status=SUCCESS method=TC_03.enterFormValues(java.lang.String,java.lang.String,java.lang.String,java.lang.String,java.lang.String)[pri:2, instance:TestCases.TC_03@273e7444] output={null}]]]>
              </value>
            </param>
          </params>
          <reporter-output>
          </reporter-output>
        </test-method> <!-- afterMethod -->
        <test-method is-config="true" signature="getResult(org.testng.ITestResult)[pri:0, instance:TestCases.TC_03@273e7444]" started-at="2024-04-04T17:34:46 IST" name="getResult" finished-at="2024-04-04T17:34:46 IST" duration-ms="1" status="PASS">
          <params>
            <param index="0">
              <value>
                <![CDATA[[TestResult name=enterFormValues status=SUCCESS method=TC_03.enterFormValues(java.lang.String,java.lang.String,java.lang.String,java.lang.String,java.lang.String)[pri:2, instance:TestCases.TC_03@273e7444] output={null}]]]>
              </value>
            </param>
          </params>
          <reporter-output>
          </reporter-output>
        </test-method> <!-- getResult -->
        <test-method is-config="true" signature="beforeMethod(org.testng.ITestResult)[pri:0, instance:TestCases.TC_03@273e7444]" started-at="2024-04-04T17:34:46 IST" name="beforeMethod" finished-at="2024-04-04T17:34:46 IST" duration-ms="0" status="PASS">
          <params>
            <param index="0">
              <value>
                <![CDATA[[TestResult name={null} status=CREATED method=TC_03.captureErrorMessage()[pri:3, instance:TestCases.TC_03@273e7444] output={null}]]]>
              </value>
            </param>
          </params>
          <reporter-output>
          </reporter-output>
        </test-method> <!-- beforeMethod -->
        <test-method signature="captureErrorMessage()[pri:3, instance:TestCases.TC_03@273e7444]" started-at="2024-04-04T17:34:46 IST" name="captureErrorMessage" finished-at="2024-04-04T17:34:47 IST" depends-on-methods="TestCases.TC_03.enterFormValues" duration-ms="1161" status="PASS">
          <reporter-output>
          </reporter-output>
        </test-method> <!-- captureErrorMessage -->
        <test-method is-config="true" signature="afterMethod(org.testng.ITestResult)[pri:0, instance:TestCases.TC_03@273e7444]" started-at="2024-04-04T17:34:47 IST" name="afterMethod" finished-at="2024-04-04T17:34:47 IST" duration-ms="2" status="PASS">
          <params>
            <param index="0">
              <value>
                <![CDATA[[TestResult name=captureErrorMessage status=SUCCESS method=TC_03.captureErrorMessage()[pri:3, instance:TestCases.TC_03@273e7444] output={null}]]]>
              </value>
            </param>
          </params>
          <reporter-output>
          </reporter-output>
        </test-method> <!-- afterMethod -->
        <test-method is-config="true" signature="getResult(org.testng.ITestResult)[pri:0, instance:TestCases.TC_03@273e7444]" started-at="2024-04-04T17:34:47 IST" name="getResult" finished-at="2024-04-04T17:34:47 IST" duration-ms="1" status="PASS">
          <params>
            <param index="0">
              <value>
                <![CDATA[[TestResult name=captureErrorMessage status=SUCCESS method=TC_03.captureErrorMessage()[pri:3, instance:TestCases.TC_03@273e7444] output={null}]]]>
              </value>
            </param>
          </params>
          <reporter-output>
          </reporter-output>
        </test-method> <!-- getResult -->
      </class> <!-- TestCases.TC_03 -->
    </test> <!-- Test1 -->
    <test started-at="2024-04-04T17:34:57 IST" name="Test2" finished-at="2024-04-04T17:36:26 IST" duration-ms="89201">
      <class name="TestCases.TC_01">
        <test-method is-config="true" signature="startReport()[pri:0, instance:TestCases.TC_01@6340e5f0]" started-at="2024-04-04T17:32:52 IST" name="startReport" finished-at="2024-04-04T17:32:53 IST" duration-ms="491" status="PASS">
          <reporter-output>
          </reporter-output>
        </test-method> <!-- startReport -->
        <test-method is-config="true" signature="beforeSuite(java.lang.String)[pri:0, instance:TestCases.TC_01@6340e5f0]" started-at="2024-04-04T17:34:57 IST" name="beforeSuite" finished-at="2024-04-04T17:35:21 IST" duration-ms="23792" status="PASS">
          <params>
            <param index="0">
              <value>
                <![CDATA[Edge]]>
              </value>
            </param>
          </params>
          <reporter-output>
          </reporter-output>
        </test-method> <!-- beforeSuite -->
        <test-method is-config="true" signature="beforeMethod(org.testng.ITestResult)[pri:0, instance:TestCases.TC_01@6340e5f0]" started-at="2024-04-04T17:35:21 IST" name="beforeMethod" finished-at="2024-04-04T17:35:21 IST" duration-ms="2" status="PASS">
          <params>
            <param index="0">
              <value>
                <![CDATA[[TestResult name={null} status=CREATED method=TC_01.checkUrl()[pri:1, instance:TestCases.TC_01@6340e5f0] output={null}]]]>
              </value>
            </param>
          </params>
          <reporter-output>
          </reporter-output>
        </test-method> <!-- beforeMethod -->
        <test-method signature="checkUrl()[pri:1, instance:TestCases.TC_01@6340e5f0]" started-at="2024-04-04T17:35:21 IST" name="checkUrl" finished-at="2024-04-04T17:35:23 IST" duration-ms="2701" status="PASS">
          <reporter-output>
          </reporter-output>
        </test-method> <!-- checkUrl -->
        <test-method is-config="true" signature="afterMethod(org.testng.ITestResult)[pri:0, instance:TestCases.TC_01@6340e5f0]" started-at="2024-04-04T17:35:23 IST" name="afterMethod" finished-at="2024-04-04T17:35:23 IST" duration-ms="1" status="PASS">
          <params>
            <param index="0">
              <value>
                <![CDATA[[TestResult name=checkUrl status=SUCCESS method=TC_01.checkUrl()[pri:1, instance:TestCases.TC_01@6340e5f0] output={null}]]]>
              </value>
            </param>
          </params>
          <reporter-output>
          </reporter-output>
        </test-method> <!-- afterMethod -->
        <test-method is-config="true" signature="getResult(org.testng.ITestResult)[pri:0, instance:TestCases.TC_01@6340e5f0]" started-at="2024-04-04T17:35:23 IST" name="getResult" finished-at="2024-04-04T17:35:23 IST" duration-ms="1" status="PASS">
          <params>
            <param index="0">
              <value>
                <![CDATA[[TestResult name=checkUrl status=SUCCESS method=TC_01.checkUrl()[pri:1, instance:TestCases.TC_01@6340e5f0] output={null}]]]>
              </value>
            </param>
          </params>
          <reporter-output>
          </reporter-output>
        </test-method> <!-- getResult -->
        <test-method is-config="true" signature="beforeMethod(org.testng.ITestResult)[pri:0, instance:TestCases.TC_01@6340e5f0]" started-at="2024-04-04T17:35:23 IST" name="beforeMethod" finished-at="2024-04-04T17:35:23 IST" duration-ms="1" status="PASS">
          <params>
            <param index="0">
              <value>
                <![CDATA[[TestResult name={null} status=CREATED method=TC_01.search()[pri:2, instance:TestCases.TC_01@6340e5f0] output={null}]]]>
              </value>
            </param>
          </params>
          <reporter-output>
          </reporter-output>
        </test-method> <!-- beforeMethod -->
        <test-method signature="search()[pri:2, instance:TestCases.TC_01@6340e5f0]" started-at="2024-04-04T17:35:23 IST" name="search" finished-at="2024-04-04T17:35:32 IST" depends-on-methods="TestCases.TC_01.checkUrl" duration-ms="8865" status="PASS">
          <reporter-output>
          </reporter-output>
        </test-method> <!-- search -->
        <test-method is-config="true" signature="afterMethod(org.testng.ITestResult)[pri:0, instance:TestCases.TC_01@6340e5f0]" started-at="2024-04-04T17:35:32 IST" name="afterMethod" finished-at="2024-04-04T17:35:32 IST" duration-ms="1" status="PASS">
          <params>
            <param index="0">
              <value>
                <![CDATA[[TestResult name=search status=SUCCESS method=TC_01.search()[pri:2, instance:TestCases.TC_01@6340e5f0] output={null}]]]>
              </value>
            </param>
          </params>
          <reporter-output>
          </reporter-output>
        </test-method> <!-- afterMethod -->
        <test-method is-config="true" signature="getResult(org.testng.ITestResult)[pri:0, instance:TestCases.TC_01@6340e5f0]" started-at="2024-04-04T17:35:32 IST" name="getResult" finished-at="2024-04-04T17:35:32 IST" duration-ms="2" status="PASS">
          <params>
            <param index="0">
              <value>
                <![CDATA[[TestResult name=search status=SUCCESS method=TC_01.search()[pri:2, instance:TestCases.TC_01@6340e5f0] output={null}]]]>
              </value>
            </param>
          </params>
          <reporter-output>
          </reporter-output>
        </test-method> <!-- getResult -->
        <test-method is-config="true" signature="beforeMethod(org.testng.ITestResult)[pri:0, instance:TestCases.TC_01@6340e5f0]" started-at="2024-04-04T17:35:32 IST" name="beforeMethod" finished-at="2024-04-04T17:35:32 IST" duration-ms="1" status="PASS">
          <params>
            <param index="0">
              <value>
                <![CDATA[[TestResult name={null} status=CREATED method=TC_01.clickBeginner()[pri:3, instance:TestCases.TC_01@6340e5f0] output={null}]]]>
              </value>
            </param>
          </params>
          <reporter-output>
          </reporter-output>
        </test-method> <!-- beforeMethod -->
        <test-method signature="clickBeginner()[pri:3, instance:TestCases.TC_01@6340e5f0]" started-at="2024-04-04T17:35:32 IST" name="clickBeginner" finished-at="2024-04-04T17:35:36 IST" duration-ms="3651" status="PASS">
          <reporter-output>
          </reporter-output>
        </test-method> <!-- clickBeginner -->
        <test-method is-config="true" signature="afterMethod(org.testng.ITestResult)[pri:0, instance:TestCases.TC_01@6340e5f0]" started-at="2024-04-04T17:35:36 IST" name="afterMethod" finished-at="2024-04-04T17:35:36 IST" duration-ms="0" status="PASS">
          <params>
            <param index="0">
              <value>
                <![CDATA[[TestResult name=clickBeginner status=SUCCESS method=TC_01.clickBeginner()[pri:3, instance:TestCases.TC_01@6340e5f0] output={null}]]]>
              </value>
            </param>
          </params>
          <reporter-output>
          </reporter-output>
        </test-method> <!-- afterMethod -->
        <test-method is-config="true" signature="getResult(org.testng.ITestResult)[pri:0, instance:TestCases.TC_01@6340e5f0]" started-at="2024-04-04T17:35:36 IST" name="getResult" finished-at="2024-04-04T17:35:36 IST" duration-ms="1" status="PASS">
          <params>
            <param index="0">
              <value>
                <![CDATA[[TestResult name=clickBeginner status=SUCCESS method=TC_01.clickBeginner()[pri:3, instance:TestCases.TC_01@6340e5f0] output={null}]]]>
              </value>
            </param>
          </params>
          <reporter-output>
          </reporter-output>
        </test-method> <!-- getResult -->
        <test-method is-config="true" signature="beforeMethod(org.testng.ITestResult)[pri:0, instance:TestCases.TC_01@6340e5f0]" started-at="2024-04-04T17:35:36 IST" name="beforeMethod" finished-at="2024-04-04T17:35:36 IST" duration-ms="3" status="PASS">
          <params>
            <param index="0">
              <value>
                <![CDATA[[TestResult name={null} status=CREATED method=TC_01.clickEnglish()[pri:4, instance:TestCases.TC_01@6340e5f0] output={null}]]]>
              </value>
            </param>
          </params>
          <reporter-output>
          </reporter-output>
        </test-method> <!-- beforeMethod -->
        <test-method signature="clickEnglish()[pri:4, instance:TestCases.TC_01@6340e5f0]" started-at="2024-04-04T17:35:36 IST" name="clickEnglish" finished-at="2024-04-04T17:35:39 IST" duration-ms="2728" status="PASS">
          <reporter-output>
          </reporter-output>
        </test-method> <!-- clickEnglish -->
        <test-method is-config="true" signature="afterMethod(org.testng.ITestResult)[pri:0, instance:TestCases.TC_01@6340e5f0]" started-at="2024-04-04T17:35:39 IST" name="afterMethod" finished-at="2024-04-04T17:35:39 IST" duration-ms="1" status="PASS">
          <params>
            <param index="0">
              <value>
                <![CDATA[[TestResult name=clickEnglish status=SUCCESS method=TC_01.clickEnglish()[pri:4, instance:TestCases.TC_01@6340e5f0] output={null}]]]>
              </value>
            </param>
          </params>
          <reporter-output>
          </reporter-output>
        </test-method> <!-- afterMethod -->
        <test-method is-config="true" signature="getResult(org.testng.ITestResult)[pri:0, instance:TestCases.TC_01@6340e5f0]" started-at="2024-04-04T17:35:39 IST" name="getResult" finished-at="2024-04-04T17:35:39 IST" duration-ms="1" status="PASS">
          <params>
            <param index="0">
              <value>
                <![CDATA[[TestResult name=clickEnglish status=SUCCESS method=TC_01.clickEnglish()[pri:4, instance:TestCases.TC_01@6340e5f0] output={null}]]]>
              </value>
            </param>
          </params>
          <reporter-output>
          </reporter-output>
        </test-method> <!-- getResult -->
        <test-method is-config="true" signature="beforeMethod(org.testng.ITestResult)[pri:0, instance:TestCases.TC_01@6340e5f0]" started-at="2024-04-04T17:35:39 IST" name="beforeMethod" finished-at="2024-04-04T17:35:39 IST" duration-ms="1" status="PASS">
          <params>
            <param index="0">
              <value>
                <![CDATA[[TestResult name={null} status=CREATED method=TC_01.ExtractCouseName()[pri:5, instance:TestCases.TC_01@6340e5f0] output={null}]]]>
              </value>
            </param>
          </params>
          <reporter-output>
          </reporter-output>
        </test-method> <!-- beforeMethod -->
        <test-method signature="ExtractCouseName()[pri:5, instance:TestCases.TC_01@6340e5f0]" started-at="2024-04-04T17:35:39 IST" name="ExtractCouseName" finished-at="2024-04-04T17:35:39 IST" duration-ms="227" status="PASS">
          <reporter-output>
          </reporter-output>
        </test-method> <!-- ExtractCouseName -->
        <test-method is-config="true" signature="afterMethod(org.testng.ITestResult)[pri:0, instance:TestCases.TC_01@6340e5f0]" started-at="2024-04-04T17:35:39 IST" name="afterMethod" finished-at="2024-04-04T17:35:39 IST" duration-ms="1" status="PASS">
          <params>
            <param index="0">
              <value>
                <![CDATA[[TestResult name=ExtractCouseName status=SUCCESS method=TC_01.ExtractCouseName()[pri:5, instance:TestCases.TC_01@6340e5f0] output={null}]]]>
              </value>
            </param>
          </params>
          <reporter-output>
          </reporter-output>
        </test-method> <!-- afterMethod -->
        <test-method is-config="true" signature="getResult(org.testng.ITestResult)[pri:0, instance:TestCases.TC_01@6340e5f0]" started-at="2024-04-04T17:35:39 IST" name="getResult" finished-at="2024-04-04T17:35:39 IST" duration-ms="1" status="PASS">
          <params>
            <param index="0">
              <value>
                <![CDATA[[TestResult name=ExtractCouseName status=SUCCESS method=TC_01.ExtractCouseName()[pri:5, instance:TestCases.TC_01@6340e5f0] output={null}]]]>
              </value>
            </param>
          </params>
          <reporter-output>
          </reporter-output>
        </test-method> <!-- getResult -->
        <test-method is-config="true" signature="beforeMethod(org.testng.ITestResult)[pri:0, instance:TestCases.TC_01@6340e5f0]" started-at="2024-04-04T17:35:39 IST" name="beforeMethod" finished-at="2024-04-04T17:35:39 IST" duration-ms="1" status="PASS">
          <params>
            <param index="0">
              <value>
                <![CDATA[[TestResult name={null} status=CREATED method=TC_01.checkRatings()[pri:6, instance:TestCases.TC_01@6340e5f0] output={null}]]]>
              </value>
            </param>
          </params>
          <reporter-output>
          </reporter-output>
        </test-method> <!-- beforeMethod -->
        <test-method signature="checkRatings()[pri:6, instance:TestCases.TC_01@6340e5f0]" started-at="2024-04-04T17:35:39 IST" name="checkRatings" finished-at="2024-04-04T17:35:43 IST" duration-ms="4319" status="PASS">
          <reporter-output>
          </reporter-output>
        </test-method> <!-- checkRatings -->
        <test-method is-config="true" signature="afterMethod(org.testng.ITestResult)[pri:0, instance:TestCases.TC_01@6340e5f0]" started-at="2024-04-04T17:35:43 IST" name="afterMethod" finished-at="2024-04-04T17:35:43 IST" duration-ms="1" status="PASS">
          <params>
            <param index="0">
              <value>
                <![CDATA[[TestResult name=checkRatings status=SUCCESS method=TC_01.checkRatings()[pri:6, instance:TestCases.TC_01@6340e5f0] output={null}]]]>
              </value>
            </param>
          </params>
          <reporter-output>
          </reporter-output>
        </test-method> <!-- afterMethod -->
        <test-method is-config="true" signature="getResult(org.testng.ITestResult)[pri:0, instance:TestCases.TC_01@6340e5f0]" started-at="2024-04-04T17:35:43 IST" name="getResult" finished-at="2024-04-04T17:35:43 IST" duration-ms="1" status="PASS">
          <params>
            <param index="0">
              <value>
                <![CDATA[[TestResult name=checkRatings status=SUCCESS method=TC_01.checkRatings()[pri:6, instance:TestCases.TC_01@6340e5f0] output={null}]]]>
              </value>
            </param>
          </params>
          <reporter-output>
          </reporter-output>
        </test-method> <!-- getResult -->
        <test-method is-config="true" signature="beforeMethod(org.testng.ITestResult)[pri:0, instance:TestCases.TC_01@6340e5f0]" started-at="2024-04-04T17:35:43 IST" name="beforeMethod" finished-at="2024-04-04T17:35:43 IST" duration-ms="1" status="PASS">
          <params>
            <param index="0">
              <value>
                <![CDATA[[TestResult name={null} status=CREATED method=TC_01.checkCountHours()[pri:7, instance:TestCases.TC_01@6340e5f0] output={null}]]]>
              </value>
            </param>
          </params>
          <reporter-output>
          </reporter-output>
        </test-method> <!-- beforeMethod -->
        <test-method signature="checkCountHours()[pri:7, instance:TestCases.TC_01@6340e5f0]" started-at="2024-04-04T17:35:43 IST" name="checkCountHours" finished-at="2024-04-04T17:36:00 IST" duration-ms="16748" status="PASS">
          <reporter-output>
          </reporter-output>
        </test-method> <!-- checkCountHours -->
        <test-method is-config="true" signature="afterMethod(org.testng.ITestResult)[pri:0, instance:TestCases.TC_01@6340e5f0]" started-at="2024-04-04T17:36:00 IST" name="afterMethod" finished-at="2024-04-04T17:36:00 IST" duration-ms="1" status="PASS">
          <params>
            <param index="0">
              <value>
                <![CDATA[[TestResult name=checkCountHours status=SUCCESS method=TC_01.checkCountHours()[pri:7, instance:TestCases.TC_01@6340e5f0] output={null}]]]>
              </value>
            </param>
          </params>
          <reporter-output>
          </reporter-output>
        </test-method> <!-- afterMethod -->
        <test-method is-config="true" signature="getResult(org.testng.ITestResult)[pri:0, instance:TestCases.TC_01@6340e5f0]" started-at="2024-04-04T17:36:00 IST" name="getResult" finished-at="2024-04-04T17:36:00 IST" duration-ms="2" status="PASS">
          <params>
            <param index="0">
              <value>
                <![CDATA[[TestResult name=checkCountHours status=SUCCESS method=TC_01.checkCountHours()[pri:7, instance:TestCases.TC_01@6340e5f0] output={null}]]]>
              </value>
            </param>
          </params>
          <reporter-output>
          </reporter-output>
        </test-method> <!-- getResult -->
        <test-method is-config="true" signature="afterSuite()[pri:0, instance:TestCases.TC_01@6340e5f0]" started-at="2024-04-04T17:36:19 IST" name="afterSuite" finished-at="2024-04-04T17:36:26 IST" duration-ms="7262" status="PASS">
          <reporter-output>
          </reporter-output>
        </test-method> <!-- afterSuite -->
        <test-method is-config="true" signature="tearDown()[pri:0, instance:TestCases.TC_01@6340e5f0]" started-at="2024-04-04T17:36:26 IST" name="tearDown" finished-at="2024-04-04T17:36:27 IST" duration-ms="469" status="PASS">
          <reporter-output>
          </reporter-output>
        </test-method> <!-- tearDown -->
      </class> <!-- TestCases.TC_01 -->
      <class name="TestCases.TC_02">
        <test-method is-config="true" signature="beforeMethod(org.testng.ITestResult)[pri:0, instance:TestCases.TC_02@45099dd3]" started-at="2024-04-04T17:36:00 IST" name="beforeMethod" finished-at="2024-04-04T17:36:00 IST" duration-ms="1" status="PASS">
          <params>
            <param index="0">
              <value>
                <![CDATA[[TestResult name={null} status=CREATED method=TC_02.checkTotalLanguages()[pri:1, instance:TestCases.TC_02@45099dd3] output={null}]]]>
              </value>
            </param>
          </params>
          <reporter-output>
          </reporter-output>
        </test-method> <!-- beforeMethod -->
        <test-method signature="checkTotalLanguages()[pri:1, instance:TestCases.TC_02@45099dd3]" started-at="2024-04-04T17:36:00 IST" name="checkTotalLanguages" finished-at="2024-04-04T17:36:02 IST" duration-ms="1672" status="PASS">
          <reporter-output>
          </reporter-output>
        </test-method> <!-- checkTotalLanguages -->
        <test-method is-config="true" signature="afterMethod(org.testng.ITestResult)[pri:0, instance:TestCases.TC_02@45099dd3]" started-at="2024-04-04T17:36:02 IST" name="afterMethod" finished-at="2024-04-04T17:36:02 IST" duration-ms="1" status="PASS">
          <params>
            <param index="0">
              <value>
                <![CDATA[[TestResult name=checkTotalLanguages status=SUCCESS method=TC_02.checkTotalLanguages()[pri:1, instance:TestCases.TC_02@45099dd3] output={null}]]]>
              </value>
            </param>
          </params>
          <reporter-output>
          </reporter-output>
        </test-method> <!-- afterMethod -->
        <test-method is-config="true" signature="getResult(org.testng.ITestResult)[pri:0, instance:TestCases.TC_02@45099dd3]" started-at="2024-04-04T17:36:02 IST" name="getResult" finished-at="2024-04-04T17:36:02 IST" duration-ms="1" status="PASS">
          <params>
            <param index="0">
              <value>
                <![CDATA[[TestResult name=checkTotalLanguages status=SUCCESS method=TC_02.checkTotalLanguages()[pri:1, instance:TestCases.TC_02@45099dd3] output={null}]]]>
              </value>
            </param>
          </params>
          <reporter-output>
          </reporter-output>
        </test-method> <!-- getResult -->
        <test-method is-config="true" signature="beforeMethod(org.testng.ITestResult)[pri:0, instance:TestCases.TC_02@45099dd3]" started-at="2024-04-04T17:36:02 IST" name="beforeMethod" finished-at="2024-04-04T17:36:02 IST" duration-ms="1" status="PASS">
          <params>
            <param index="0">
              <value>
                <![CDATA[[TestResult name={null} status=CREATED method=TC_02.checkForLevels()[pri:2, instance:TestCases.TC_02@45099dd3] output={null}]]]>
              </value>
            </param>
          </params>
          <reporter-output>
          </reporter-output>
        </test-method> <!-- beforeMethod -->
        <test-method signature="checkForLevels()[pri:2, instance:TestCases.TC_02@45099dd3]" started-at="2024-04-04T17:36:02 IST" name="checkForLevels" finished-at="2024-04-04T17:36:02 IST" duration-ms="165" status="PASS">
          <reporter-output>
          </reporter-output>
        </test-method> <!-- checkForLevels -->
        <test-method is-config="true" signature="afterMethod(org.testng.ITestResult)[pri:0, instance:TestCases.TC_02@45099dd3]" started-at="2024-04-04T17:36:02 IST" name="afterMethod" finished-at="2024-04-04T17:36:02 IST" duration-ms="1" status="PASS">
          <params>
            <param index="0">
              <value>
                <![CDATA[[TestResult name=checkForLevels status=SUCCESS method=TC_02.checkForLevels()[pri:2, instance:TestCases.TC_02@45099dd3] output={null}]]]>
              </value>
            </param>
          </params>
          <reporter-output>
          </reporter-output>
        </test-method> <!-- afterMethod -->
        <test-method is-config="true" signature="getResult(org.testng.ITestResult)[pri:0, instance:TestCases.TC_02@45099dd3]" started-at="2024-04-04T17:36:02 IST" name="getResult" finished-at="2024-04-04T17:36:02 IST" duration-ms="2" status="PASS">
          <params>
            <param index="0">
              <value>
                <![CDATA[[TestResult name=checkForLevels status=SUCCESS method=TC_02.checkForLevels()[pri:2, instance:TestCases.TC_02@45099dd3] output={null}]]]>
              </value>
            </param>
          </params>
          <reporter-output>
          </reporter-output>
        </test-method> <!-- getResult -->
      </class> <!-- TestCases.TC_02 -->
      <class name="TestCases.TC_03">
        <test-method is-config="true" signature="beforeMethod(org.testng.ITestResult)[pri:0, instance:TestCases.TC_03@13e344d]" started-at="2024-04-04T17:36:02 IST" name="beforeMethod" finished-at="2024-04-04T17:36:02 IST" duration-ms="0" status="PASS">
          <params>
            <param index="0">
              <value>
                <![CDATA[[TestResult name={null} status=CREATED method=TC_03.clickForCampus()[pri:1, instance:TestCases.TC_03@13e344d] output={null}]]]>
              </value>
            </param>
          </params>
          <reporter-output>
          </reporter-output>
        </test-method> <!-- beforeMethod -->
        <test-method signature="clickForCampus()[pri:1, instance:TestCases.TC_03@13e344d]" started-at="2024-04-04T17:36:02 IST" name="clickForCampus" finished-at="2024-04-04T17:36:13 IST" duration-ms="11531" status="PASS">
          <reporter-output>
          </reporter-output>
        </test-method> <!-- clickForCampus -->
        <test-method is-config="true" signature="afterMethod(org.testng.ITestResult)[pri:0, instance:TestCases.TC_03@13e344d]" started-at="2024-04-04T17:36:13 IST" name="afterMethod" finished-at="2024-04-04T17:36:13 IST" duration-ms="1" status="PASS">
          <params>
            <param index="0">
              <value>
                <![CDATA[[TestResult name=clickForCampus status=SUCCESS method=TC_03.clickForCampus()[pri:1, instance:TestCases.TC_03@13e344d] output={null}]]]>
              </value>
            </param>
          </params>
          <reporter-output>
          </reporter-output>
        </test-method> <!-- afterMethod -->
        <test-method is-config="true" signature="getResult(org.testng.ITestResult)[pri:0, instance:TestCases.TC_03@13e344d]" started-at="2024-04-04T17:36:13 IST" name="getResult" finished-at="2024-04-04T17:36:13 IST" duration-ms="1" status="PASS">
          <params>
            <param index="0">
              <value>
                <![CDATA[[TestResult name=clickForCampus status=SUCCESS method=TC_03.clickForCampus()[pri:1, instance:TestCases.TC_03@13e344d] output={null}]]]>
              </value>
            </param>
          </params>
          <reporter-output>
          </reporter-output>
        </test-method> <!-- getResult -->
        <test-method signature="enterFormValues(java.lang.String,java.lang.String,java.lang.String,java.lang.String,java.lang.String)[pri:2, instance:TestCases.TC_03@13e344d]" started-at="2024-04-04T17:36:13 IST" name="enterFormValues" data-provider="dp" finished-at="2024-04-04T17:36:19 IST" depends-on-methods="TestCases.TC_03.clickForCampus" duration-ms="5095" status="PASS">
          <params>
            <param index="0">
              <value>
                <![CDATA[Barry]]>
              </value>
            </param>
            <param index="1">
              <value>
                <![CDATA[allen]]>
              </value>
            </param>
            <param index="2">
              <value>
                <![CDATA[barryallen]]>
              </value>
            </param>
            <param index="3">
              <value>
                <![CDATA[9.87654321E8]]>
              </value>
            </param>
            <param index="4">
              <value>
                <![CDATA[CTS1]]>
              </value>
            </param>
          </params>
          <reporter-output>
          </reporter-output>
        </test-method> <!-- enterFormValues -->
        <test-method is-config="true" signature="beforeMethod(org.testng.ITestResult)[pri:0, instance:TestCases.TC_03@13e344d]" started-at="2024-04-04T17:36:13 IST" name="beforeMethod" finished-at="2024-04-04T17:36:13 IST" duration-ms="0" status="PASS">
          <params>
            <param index="0">
              <value>
                <![CDATA[[TestResult name={null} status=CREATED method=TC_03.enterFormValues(java.lang.String,java.lang.String,java.lang.String,java.lang.String,java.lang.String)[pri:2, instance:TestCases.TC_03@13e344d] output={null}]]]>
              </value>
            </param>
          </params>
          <reporter-output>
          </reporter-output>
        </test-method> <!-- beforeMethod -->
        <test-method is-config="true" signature="afterMethod(org.testng.ITestResult)[pri:0, instance:TestCases.TC_03@13e344d]" started-at="2024-04-04T17:36:19 IST" name="afterMethod" finished-at="2024-04-04T17:36:19 IST" duration-ms="1" status="PASS">
          <params>
            <param index="0">
              <value>
                <![CDATA[[TestResult name=enterFormValues status=SUCCESS method=TC_03.enterFormValues(java.lang.String,java.lang.String,java.lang.String,java.lang.String,java.lang.String)[pri:2, instance:TestCases.TC_03@13e344d] output={null}]]]>
              </value>
            </param>
          </params>
          <reporter-output>
          </reporter-output>
        </test-method> <!-- afterMethod -->
        <test-method is-config="true" signature="getResult(org.testng.ITestResult)[pri:0, instance:TestCases.TC_03@13e344d]" started-at="2024-04-04T17:36:19 IST" name="getResult" finished-at="2024-04-04T17:36:19 IST" duration-ms="0" status="PASS">
          <params>
            <param index="0">
              <value>
                <![CDATA[[TestResult name=enterFormValues status=SUCCESS method=TC_03.enterFormValues(java.lang.String,java.lang.String,java.lang.String,java.lang.String,java.lang.String)[pri:2, instance:TestCases.TC_03@13e344d] output={null}]]]>
              </value>
            </param>
          </params>
          <reporter-output>
          </reporter-output>
        </test-method> <!-- getResult -->
        <test-method is-config="true" signature="beforeMethod(org.testng.ITestResult)[pri:0, instance:TestCases.TC_03@13e344d]" started-at="2024-04-04T17:36:19 IST" name="beforeMethod" finished-at="2024-04-04T17:36:19 IST" duration-ms="1" status="PASS">
          <params>
            <param index="0">
              <value>
                <![CDATA[[TestResult name={null} status=CREATED method=TC_03.captureErrorMessage()[pri:3, instance:TestCases.TC_03@13e344d] output={null}]]]>
              </value>
            </param>
          </params>
          <reporter-output>
          </reporter-output>
        </test-method> <!-- beforeMethod -->
        <test-method signature="captureErrorMessage()[pri:3, instance:TestCases.TC_03@13e344d]" started-at="2024-04-04T17:36:19 IST" name="captureErrorMessage" finished-at="2024-04-04T17:36:19 IST" depends-on-methods="TestCases.TC_03.enterFormValues" duration-ms="293" status="PASS">
          <reporter-output>
          </reporter-output>
        </test-method> <!-- captureErrorMessage -->
        <test-method is-config="true" signature="afterMethod(org.testng.ITestResult)[pri:0, instance:TestCases.TC_03@13e344d]" started-at="2024-04-04T17:36:19 IST" name="afterMethod" finished-at="2024-04-04T17:36:19 IST" duration-ms="1" status="PASS">
          <params>
            <param index="0">
              <value>
                <![CDATA[[TestResult name=captureErrorMessage status=SUCCESS method=TC_03.captureErrorMessage()[pri:3, instance:TestCases.TC_03@13e344d] output={null}]]]>
              </value>
            </param>
          </params>
          <reporter-output>
          </reporter-output>
        </test-method> <!-- afterMethod -->
        <test-method is-config="true" signature="getResult(org.testng.ITestResult)[pri:0, instance:TestCases.TC_03@13e344d]" started-at="2024-04-04T17:36:19 IST" name="getResult" finished-at="2024-04-04T17:36:19 IST" duration-ms="1" status="PASS">
          <params>
            <param index="0">
              <value>
                <![CDATA[[TestResult name=captureErrorMessage status=SUCCESS method=TC_03.captureErrorMessage()[pri:3, instance:TestCases.TC_03@13e344d] output={null}]]]>
              </value>
            </param>
          </params>
          <reporter-output>
          </reporter-output>
        </test-method> <!-- getResult -->
      </class> <!-- TestCases.TC_03 -->
    </test> <!-- Test2 -->
  </suite> <!-- Suite -->
</testng-results>
