<?xml version="1.0" encoding="UTF-8"?>
<testsuite xmlns:xsi="http://www.w3.org/2001/XMLSchema-instance" xsi:noNamespaceSchemaLocation="https://maven.apache.org/surefire/maven-surefire-plugin/xsd/surefire-test-report-3.0.xsd" version="3.0" name="TestSuite" time="216.761" tests="24" errors="0" skipped="0" failures="0">
  <properties>
[...]
</properties>
  <testcase name="checkUrl" classname="TestCases.TC_01" time="0.073">
    <system-out><![CDATA[
Running test : checkUrl
]]></system-out>
  </testcase>
  <testcase name="checkUrl" classname="TestCases.TC_01" time="2.701">
    <system-out><![CDATA[Result : PASSED
Test Passed

Running test : checkUrl
]]></system-out>
  </testcase>
  <testcase name="search" classname="TestCases.TC_01" time="10.25">
    <system-out><![CDATA[Result : PASSED

Running test : search
]]></system-out>
  </testcase>
  <testcase name="search" classname="TestCases.TC_01" time="8.861">
    <system-out><![CDATA[Result : PASSED

Running test : search
]]></system-out>
  </testcase>
  <testcase name="clickBeginner" classname="TestCases.TC_01" time="3.405">
    <system-out><![CDATA[Result : PASSED

Running test : clickBeginner
]]></system-out>
  </testcase>
  <testcase name="clickBeginner" classname="TestCases.TC_01" time="3.646">
    <system-out><![CDATA[Result : PASSED

Running test : clickBeginner
]]></system-out>
  </testcase>
  <testcase name="clickEnglish" classname="TestCases.TC_01" time="2.872">
    <system-out><![CDATA[Result : PASSED

Running test : clickEnglish
]]></system-out>
  </testcase>
  <testcase name="clickEnglish" classname="TestCases.TC_01" time="2.723">
    <system-out><![CDATA[Result : PASSED

Running test : clickEnglish
]]></system-out>
  </testcase>
  <testcase name="ExtractCouseName" classname="TestCases.TC_01" time="0.238">
    <system-out><![CDATA[Result : PASSED

Running test : ExtractCouseName
courses : 
Meta Front-End Developer
Web Design for Everybody: Basics of Web Development & Coding
]]></system-out>
  </testcase>
  <testcase name="ExtractCouseName" classname="TestCases.TC_01" time="0.223">
    <system-out><![CDATA[Result : PASSED

Running test : ExtractCouseName
courses : 
Meta Front-End Developer
Web Design for Everybody: Basics of Web Development & Coding
]]></system-out>
  </testcase>
  <testcase name="checkRatings" classname="TestCases.TC_01" time="4.205">
    <system-out><![CDATA[Result : PASSED

Running test : checkRatings
Rating : 
4.7
4.7
]]></system-out>
  </testcase>
  <testcase name="checkRatings" classname="TestCases.TC_01" time="4.317">
    <system-out><![CDATA[Result : PASSED

Running test : checkRatings
Rating : 
4.7
4.7
]]></system-out>
  </testcase>
  <testcase name="checkCountHours" classname="TestCases.TC_01" time="18.836">
    <system-out><![CDATA[Result : PASSED

Running test : checkCountHours
Hours : 
7 months at 6 hours a week
2 months at 10 hours a week
]]></system-out>
  </testcase>
  <testcase name="checkCountHours" classname="TestCases.TC_01" time="16.745">
    <system-out><![CDATA[Result : PASSED

Running test : checkCountHours
Hours : 
7 months at 6 hours a week
2 months at 10 hours a week
]]></system-out>
  </testcase>
  <testcase name="checkTotalLanguages" classname="TestCases.TC_02" time="1.94">
    <system-out><![CDATA[Result : PASSED

Running test : checkTotalLanguages
Languages and their count : 
English (469)
Spanish (288)
Arabic (273)
French (249)
Portuguese (Brazil) (240)
Japanese (236)
Turkish (236)
Indonesian (235)
Ukrainian (235)
Chinese (China) (234)
Korean (234)
Dutch (233)
German (233)
Greek (233)
Hindi (233)
Italian (233)
Polish (233)
Swedish (233)
Thai (233)
Russian (209)
Kazakh (204)
Hungarian (161)
]]></system-out>
  </testcase>
  <testcase name="checkTotalLanguages" classname="TestCases.TC_02" time="1.657">
    <system-out><![CDATA[Result : PASSED

Running test : checkTotalLanguages
Languages and their count : 
English (469)
Spanish (288)
Arabic (273)
French (249)
Portuguese (Brazil) (240)
Japanese (236)
Turkish (236)
Indonesian (235)
Ukrainian (235)
Chinese (China) (234)
Korean (234)
Dutch (233)
German (233)
Greek (233)
Hindi (233)
Italian (233)
Polish (233)
Swedish (233)
Thai (233)
Russian (209)
Kazakh (204)
Hungarian (161)
]]></system-out>
  </testcase>
  <testcase name="checkForLevels" classname="TestCases.TC_02" time="0.183">
    <system-out><![CDATA[Result : PASSED

Running test : checkForLevels
Levels and their count : 
Beginner (469)
Intermediate (428)
Advanced (32)
Mixed (77)
]]></system-out>
  </testcase>
  <testcase name="checkForLevels" classname="TestCases.TC_02" time="0.161">
    <system-out><![CDATA[Result : PASSED

Running test : checkForLevels
Levels and their count : 
Beginner (469)
Intermediate (428)
Advanced (32)
Mixed (77)
]]></system-out>
  </testcase>
  <testcase name="clickForCampus" classname="TestCases.TC_03" time="12.054">
    <system-out><![CDATA[Result : PASSED

Running test : clickForCampus
]]></system-out>
  </testcase>
  <testcase name="clickForCampus" classname="TestCases.TC_03" time="11.527">
    <system-out><![CDATA[Result : PASSED

Running test : clickForCampus
]]></system-out>
  </testcase>
  <testcase name="enterFormValues[Barry, allen, barryallen, 9.87654321E8, CTS1](1)" classname="TestCases.TC_03" time="8.784">
    <system-out><![CDATA[Result : PASSED

Running test : enterFormValues
]]></system-out>
    <system-err><![CDATA[ERROR StatusLogger Log4j2 could not find a logging implementation. Please add log4j-core to the classpath. Using SimpleLogger to log to the console...
]]></system-err>
  </testcase>
  <testcase name="enterFormValues[Barry, allen, barryallen, 9.87654321E8, CTS1](1)" classname="TestCases.TC_03" time="5.094">
    <system-out><![CDATA[Result : PASSED

Running test : enterFormValues
]]></system-out>
  </testcase>
  <testcase name="captureErrorMessage" classname="TestCases.TC_03" time="1.158">
    <system-out><![CDATA[Result : PASSED

Running test : captureErrorMessage
Error message : Must be valid email.
example@yourdomain.com
Screenshot taken
]]></system-out>
  </testcase>
  <testcase name="captureErrorMessage" classname="TestCases.TC_03" time="0.29">
    <system-out><![CDATA[Result : PASSED

Running test : captureErrorMessage
Error message : Must be valid email.
example@yourdomain.com
Screenshot taken
]]></system-out>
  </testcase>
</testsuite>