<?xml version="1.0" encoding="UTF-8"?>
<testng-results ignored="16" total="40" passed="24" failed="0" skipped="0">
  <reporter-output>
  </reporter-output>
  <suite started-at="2024-04-04T15:46:44 IST" name="Suite" finished-at="2024-04-04T15:52:30 IST" duration-ms="345647">
    <groups>
      <group name="smoke">
        <method signature="TC_01.checkUrl()[pri:1, instance:TestCases.TC_01@4b8ee4de]" name="checkUrl" class="TestCases.TC_01"/>
        <method signature="TC_01.checkUrl()[pri:1, instance:TestCases.TC_01@46cdf8bd]" name="checkUrl" class="TestCases.TC_01"/>
      </group> <!-- smoke -->
    </groups>
    <test started-at="2024-04-04T15:46:44 IST" name="Test1" finished-at="2024-04-04T15:49:59 IST" duration-ms="194683">
      <class name="TestCases.TC_01">
        <test-method is-config="true" signature="beforeSuite(java.lang.String)[pri:0, instance:TestCases.TC_01@4b8ee4de]" started-at="2024-04-04T15:46:44 IST" name="beforeSuite" finished-at="2024-04-04T15:47:10 IST" duration-ms="25598" status="PASS">
          <params>
            <param index="0">
              <value>
                <![CDATA[Chrome]]>
              </value>
            </param>
          </params>
          <reporter-output>
          </reporter-output>
        </test-method> <!-- beforeSuite -->
        <test-method signature="checkUrl()[pri:1, instance:TestCases.TC_01@4b8ee4de]" started-at="2024-04-04T15:47:10 IST" name="checkUrl" finished-at="2024-04-04T15:47:12 IST" duration-ms="1967" status="PASS">
          <reporter-output>
          </reporter-output>
        </test-method> <!-- checkUrl -->
        <test-method is-config="true" signature="getResult(org.testng.ITestResult)[pri:0, instance:TestCases.TC_01@4b8ee4de]" started-at="2024-04-04T15:47:12 IST" name="getResult" finished-at="2024-04-04T15:47:12 IST" duration-ms="32" status="PASS">
          <params>
            <param index="0">
              <value>
                <![CDATA[[TestResult name=checkUrl status=SUCCESS method=TC_01.checkUrl()[pri:1, instance:TestCases.TC_01@4b8ee4de] output={null}]]]>
              </value>
            </param>
          </params>
          <reporter-output>
          </reporter-output>
        </test-method> <!-- getResult -->
        <test-method signature="search()[pri:2, instance:TestCases.TC_01@4b8ee4de]" started-at="2024-04-04T15:47:12 IST" name="search" finished-at="2024-04-04T15:48:38 IST" depends-on-methods="TestCases.TC_01.checkUrl" duration-ms="85693" status="PASS">
          <reporter-output>
          </reporter-output>
        </test-method> <!-- search -->
        <test-method is-config="true" signature="getResult(org.testng.ITestResult)[pri:0, instance:TestCases.TC_01@4b8ee4de]" started-at="2024-04-04T15:48:38 IST" name="getResult" finished-at="2024-04-04T15:48:38 IST" duration-ms="1" status="PASS">
          <params>
            <param index="0">
              <value>
                <![CDATA[[TestResult name=search status=SUCCESS method=TC_01.search()[pri:2, instance:TestCases.TC_01@4b8ee4de] output={null}]]]>
              </value>
            </param>
          </params>
          <reporter-output>
          </reporter-output>
        </test-method> <!-- getResult -->
        <test-method signature="clickBeginner()[pri:3, instance:TestCases.TC_01@4b8ee4de]" started-at="2024-04-04T15:48:38 IST" name="clickBeginner" finished-at="2024-04-04T15:48:41 IST" duration-ms="3839" status="PASS">
          <reporter-output>
          </reporter-output>
        </test-method> <!-- clickBeginner -->
        <test-method is-config="true" signature="getResult(org.testng.ITestResult)[pri:0, instance:TestCases.TC_01@4b8ee4de]" started-at="2024-04-04T15:48:41 IST" name="getResult" finished-at="2024-04-04T15:48:41 IST" duration-ms="1" status="PASS">
          <params>
            <param index="0">
              <value>
                <![CDATA[[TestResult name=clickBeginner status=SUCCESS method=TC_01.clickBeginner()[pri:3, instance:TestCases.TC_01@4b8ee4de] output={null}]]]>
              </value>
            </param>
          </params>
          <reporter-output>
          </reporter-output>
        </test-method> <!-- getResult -->
        <test-method signature="clickEnglish()[pri:4, instance:TestCases.TC_01@4b8ee4de]" started-at="2024-04-04T15:48:41 IST" name="clickEnglish" finished-at="2024-04-04T15:48:44 IST" duration-ms="2863" status="PASS">
          <reporter-output>
          </reporter-output>
        </test-method> <!-- clickEnglish -->
        <test-method is-config="true" signature="getResult(org.testng.ITestResult)[pri:0, instance:TestCases.TC_01@4b8ee4de]" started-at="2024-04-04T15:48:44 IST" name="getResult" finished-at="2024-04-04T15:48:44 IST" duration-ms="2" status="PASS">
          <params>
            <param index="0">
              <value>
                <![CDATA[[TestResult name=clickEnglish status=SUCCESS method=TC_01.clickEnglish()[pri:4, instance:TestCases.TC_01@4b8ee4de] output={null}]]]>
              </value>
            </param>
          </params>
          <reporter-output>
          </reporter-output>
        </test-method> <!-- getResult -->
        <test-method signature="ExtractCouseName()[pri:5, instance:TestCases.TC_01@4b8ee4de]" started-at="2024-04-04T15:48:44 IST" name="ExtractCouseName" finished-at="2024-04-04T15:48:45 IST" duration-ms="283" status="PASS">
          <reporter-output>
          </reporter-output>
        </test-method> <!-- ExtractCouseName -->
        <test-method is-config="true" signature="getResult(org.testng.ITestResult)[pri:0, instance:TestCases.TC_01@4b8ee4de]" started-at="2024-04-04T15:48:45 IST" name="getResult" finished-at="2024-04-04T15:48:45 IST" duration-ms="2" status="PASS">
          <params>
            <param index="0">
              <value>
                <![CDATA[[TestResult name=ExtractCouseName status=SUCCESS method=TC_01.ExtractCouseName()[pri:5, instance:TestCases.TC_01@4b8ee4de] output={null}]]]>
              </value>
            </param>
          </params>
          <reporter-output>
          </reporter-output>
        </test-method> <!-- getResult -->
        <test-method signature="checkRatings()[pri:6, instance:TestCases.TC_01@4b8ee4de]" started-at="2024-04-04T15:48:45 IST" name="checkRatings" finished-at="2024-04-04T15:48:49 IST" duration-ms="4179" status="PASS">
          <reporter-output>
          </reporter-output>
        </test-method> <!-- checkRatings -->
        <test-method is-config="true" signature="getResult(org.testng.ITestResult)[pri:0, instance:TestCases.TC_01@4b8ee4de]" started-at="2024-04-04T15:48:49 IST" name="getResult" finished-at="2024-04-04T15:48:49 IST" duration-ms="2" status="PASS">
          <params>
            <param index="0">
              <value>
                <![CDATA[[TestResult name=checkRatings status=SUCCESS method=TC_01.checkRatings()[pri:6, instance:TestCases.TC_01@4b8ee4de] output={null}]]]>
              </value>
            </param>
          </params>
          <reporter-output>
          </reporter-output>
        </test-method> <!-- getResult -->
        <test-method signature="checkCountHours()[pri:7, instance:TestCases.TC_01@4b8ee4de]" started-at="2024-04-04T15:48:49 IST" name="checkCountHours" finished-at="2024-04-04T15:49:26 IST" duration-ms="37239" status="PASS">
          <reporter-output>
          </reporter-output>
        </test-method> <!-- checkCountHours -->
        <test-method is-config="true" signature="getResult(org.testng.ITestResult)[pri:0, instance:TestCases.TC_01@4b8ee4de]" started-at="2024-04-04T15:49:26 IST" name="getResult" finished-at="2024-04-04T15:49:26 IST" duration-ms="1" status="PASS">
          <params>
            <param index="0">
              <value>
                <![CDATA[[TestResult name=checkCountHours status=SUCCESS method=TC_01.checkCountHours()[pri:7, instance:TestCases.TC_01@4b8ee4de] output={null}]]]>
              </value>
            </param>
          </params>
          <reporter-output>
          </reporter-output>
        </test-method> <!-- getResult -->
        <test-method is-config="true" signature="afterSuite()[pri:0, instance:TestCases.TC_01@4b8ee4de]" started-at="2024-04-04T15:49:50 IST" name="afterSuite" finished-at="2024-04-04T15:49:59 IST" duration-ms="8762" status="PASS">
          <reporter-output>
          </reporter-output>
        </test-method> <!-- afterSuite -->
      </class> <!-- TestCases.TC_01 -->
      <class name="TestCases.TC_02">
        <test-method signature="checkTotalLanguages()[pri:1, instance:TestCases.TC_02@29215f06]" started-at="2024-04-04T15:49:26 IST" name="checkTotalLanguages" finished-at="2024-04-04T15:49:28 IST" duration-ms="2140" status="PASS">
          <reporter-output>
          </reporter-output>
        </test-method> <!-- checkTotalLanguages -->
        <test-method is-config="true" signature="getResult(org.testng.ITestResult)[pri:0, instance:TestCases.TC_02@29215f06]" started-at="2024-04-04T15:49:28 IST" name="getResult" finished-at="2024-04-04T15:49:28 IST" duration-ms="1" status="PASS">
          <params>
            <param index="0">
              <value>
                <![CDATA[[TestResult name=checkTotalLanguages status=SUCCESS method=TC_02.checkTotalLanguages()[pri:1, instance:TestCases.TC_02@29215f06] output={null}]]]>
              </value>
            </param>
          </params>
          <reporter-output>
          </reporter-output>
        </test-method> <!-- getResult -->
        <test-method signature="checkForLevels()[pri:2, instance:TestCases.TC_02@29215f06]" started-at="2024-04-04T15:49:28 IST" name="checkForLevels" finished-at="2024-04-04T15:49:29 IST" duration-ms="591" status="PASS">
          <reporter-output>
          </reporter-output>
        </test-method> <!-- checkForLevels -->
        <test-method is-config="true" signature="getResult(org.testng.ITestResult)[pri:0, instance:TestCases.TC_02@29215f06]" started-at="2024-04-04T15:49:29 IST" name="getResult" finished-at="2024-04-04T15:49:29 IST" duration-ms="1" status="PASS">
          <params>
            <param index="0">
              <value>
                <![CDATA[[TestResult name=checkForLevels status=SUCCESS method=TC_02.checkForLevels()[pri:2, instance:TestCases.TC_02@29215f06] output={null}]]]>
              </value>
            </param>
          </params>
          <reporter-output>
          </reporter-output>
        </test-method> <!-- getResult -->
      </class> <!-- TestCases.TC_02 -->
      <class name="TestCases.TC_03">
        <test-method signature="clickForCampus()[pri:1, instance:TestCases.TC_03@73e9cf30]" started-at="2024-04-04T15:49:29 IST" name="clickForCampus" finished-at="2024-04-04T15:49:40 IST" duration-ms="10919" status="PASS">
          <reporter-output>
          </reporter-output>
        </test-method> <!-- clickForCampus -->
        <test-method is-config="true" signature="getResult(org.testng.ITestResult)[pri:0, instance:TestCases.TC_03@73e9cf30]" started-at="2024-04-04T15:49:40 IST" name="getResult" finished-at="2024-04-04T15:49:40 IST" duration-ms="1" status="PASS">
          <params>
            <param index="0">
              <value>
                <![CDATA[[TestResult name=clickForCampus status=SUCCESS method=TC_03.clickForCampus()[pri:1, instance:TestCases.TC_03@73e9cf30] output={null}]]]>
              </value>
            </param>
          </params>
          <reporter-output>
          </reporter-output>
        </test-method> <!-- getResult -->
        <test-method signature="enterFormValues(java.lang.String,java.lang.String,java.lang.String,java.lang.String,java.lang.String)[pri:2, instance:TestCases.TC_03@73e9cf30]" started-at="2024-04-04T15:49:43 IST" name="enterFormValues" data-provider="dp" finished-at="2024-04-04T15:49:50 IST" depends-on-methods="TestCases.TC_03.clickForCampus" duration-ms="6779" status="PASS">
          <params>
            <param index="0">
              <value>
                <![CDATA[Barry]]>
              </value>
            </param>
            <param index="1">
              <value>
                <![CDATA[allen]]>
              </value>
            </param>
            <param index="2">
              <value>
                <![CDATA[barryallen]]>
              </value>
            </param>
            <param index="3">
              <value>
                <![CDATA[9.87654321E8]]>
              </value>
            </param>
            <param index="4">
              <value>
                <![CDATA[CTS1]]>
              </value>
            </param>
          </params>
          <reporter-output>
          </reporter-output>
        </test-method> <!-- enterFormValues -->
        <test-method is-config="true" signature="getResult(org.testng.ITestResult)[pri:0, instance:TestCases.TC_03@73e9cf30]" started-at="2024-04-04T15:49:50 IST" name="getResult" finished-at="2024-04-04T15:49:50 IST" duration-ms="1" status="PASS">
          <params>
            <param index="0">
              <value>
                <![CDATA[[TestResult name=enterFormValues status=SUCCESS method=TC_03.enterFormValues(java.lang.String,java.lang.String,java.lang.String,java.lang.String,java.lang.String)[pri:2, instance:TestCases.TC_03@73e9cf30] output={null}]]]>
              </value>
            </param>
          </params>
          <reporter-output>
          </reporter-output>
        </test-method> <!-- getResult -->
        <test-method signature="captureErrorMessage()[pri:3, instance:TestCases.TC_03@73e9cf30]" started-at="2024-04-04T15:49:50 IST" name="captureErrorMessage" finished-at="2024-04-04T15:49:50 IST" depends-on-methods="TestCases.TC_03.enterFormValues" duration-ms="524" status="PASS">
          <reporter-output>
          </reporter-output>
        </test-method> <!-- captureErrorMessage -->
        <test-method is-config="true" signature="getResult(org.testng.ITestResult)[pri:0, instance:TestCases.TC_03@73e9cf30]" started-at="2024-04-04T15:49:50 IST" name="getResult" finished-at="2024-04-04T15:49:50 IST" duration-ms="2" status="PASS">
          <params>
            <param index="0">
              <value>
                <![CDATA[[TestResult name=captureErrorMessage status=SUCCESS method=TC_03.captureErrorMessage()[pri:3, instance:TestCases.TC_03@73e9cf30] output={null}]]]>
              </value>
            </param>
          </params>
          <reporter-output>
          </reporter-output>
        </test-method> <!-- getResult -->
      </class> <!-- TestCases.TC_03 -->
    </test> <!-- Test1 -->
    <test started-at="2024-04-04T15:49:59 IST" name="Test2" finished-at="2024-04-04T15:52:30 IST" duration-ms="150871">
      <class name="TestCases.TC_01">
        <test-method is-config="true" signature="startReport()[pri:0, instance:TestCases.TC_01@46cdf8bd]" started-at="2024-04-04T15:46:43 IST" name="startReport" finished-at="2024-04-04T15:46:44 IST" duration-ms="928" status="PASS">
          <reporter-output>
          </reporter-output>
        </test-method> <!-- startReport -->
        <test-method is-config="true" signature="beforeSuite(java.lang.String)[pri:0, instance:TestCases.TC_01@46cdf8bd]" started-at="2024-04-04T15:49:59 IST" name="beforeSuite" finished-at="2024-04-04T15:50:43 IST" duration-ms="43834" status="PASS">
          <params>
            <param index="0">
              <value>
                <![CDATA[Edge]]>
              </value>
            </param>
          </params>
          <reporter-output>
          </reporter-output>
        </test-method> <!-- beforeSuite -->
        <test-method signature="checkUrl()[pri:1, instance:TestCases.TC_01@46cdf8bd]" started-at="2024-04-04T15:50:43 IST" name="checkUrl" finished-at="2024-04-04T15:50:43 IST" duration-ms="29" status="PASS">
          <reporter-output>
          </reporter-output>
        </test-method> <!-- checkUrl -->
        <test-method is-config="true" signature="getResult(org.testng.ITestResult)[pri:0, instance:TestCases.TC_01@46cdf8bd]" started-at="2024-04-04T15:50:43 IST" name="getResult" finished-at="2024-04-04T15:50:43 IST" duration-ms="1" status="PASS">
          <params>
            <param index="0">
              <value>
                <![CDATA[[TestResult name=checkUrl status=SUCCESS method=TC_01.checkUrl()[pri:1, instance:TestCases.TC_01@46cdf8bd] output={null}]]]>
              </value>
            </param>
          </params>
          <reporter-output>
          </reporter-output>
        </test-method> <!-- getResult -->
        <test-method signature="search()[pri:2, instance:TestCases.TC_01@46cdf8bd]" started-at="2024-04-04T15:50:43 IST" name="search" finished-at="2024-04-04T15:50:53 IST" depends-on-methods="TestCases.TC_01.checkUrl" duration-ms="9909" status="PASS">
          <reporter-output>
          </reporter-output>
        </test-method> <!-- search -->
        <test-method is-config="true" signature="getResult(org.testng.ITestResult)[pri:0, instance:TestCases.TC_01@46cdf8bd]" started-at="2024-04-04T15:50:53 IST" name="getResult" finished-at="2024-04-04T15:50:53 IST" duration-ms="0" status="PASS">
          <params>
            <param index="0">
              <value>
                <![CDATA[[TestResult name=search status=SUCCESS method=TC_01.search()[pri:2, instance:TestCases.TC_01@46cdf8bd] output={null}]]]>
              </value>
            </param>
          </params>
          <reporter-output>
          </reporter-output>
        </test-method> <!-- getResult -->
        <test-method signature="clickBeginner()[pri:3, instance:TestCases.TC_01@46cdf8bd]" started-at="2024-04-04T15:50:53 IST" name="clickBeginner" finished-at="2024-04-04T15:50:57 IST" duration-ms="3815" status="PASS">
          <reporter-output>
          </reporter-output>
        </test-method> <!-- clickBeginner -->
        <test-method is-config="true" signature="getResult(org.testng.ITestResult)[pri:0, instance:TestCases.TC_01@46cdf8bd]" started-at="2024-04-04T15:50:57 IST" name="getResult" finished-at="2024-04-04T15:50:57 IST" duration-ms="2" status="PASS">
          <params>
            <param index="0">
              <value>
                <![CDATA[[TestResult name=clickBeginner status=SUCCESS method=TC_01.clickBeginner()[pri:3, instance:TestCases.TC_01@46cdf8bd] output={null}]]]>
              </value>
            </param>
          </params>
          <reporter-output>
          </reporter-output>
        </test-method> <!-- getResult -->
        <test-method signature="clickEnglish()[pri:4, instance:TestCases.TC_01@46cdf8bd]" started-at="2024-04-04T15:50:57 IST" name="clickEnglish" finished-at="2024-04-04T15:50:59 IST" duration-ms="2923" status="PASS">
          <reporter-output>
          </reporter-output>
        </test-method> <!-- clickEnglish -->
        <test-method is-config="true" signature="getResult(org.testng.ITestResult)[pri:0, instance:TestCases.TC_01@46cdf8bd]" started-at="2024-04-04T15:50:59 IST" name="getResult" finished-at="2024-04-04T15:50:59 IST" duration-ms="3" status="PASS">
          <params>
            <param index="0">
              <value>
                <![CDATA[[TestResult name=clickEnglish status=SUCCESS method=TC_01.clickEnglish()[pri:4, instance:TestCases.TC_01@46cdf8bd] output={null}]]]>
              </value>
            </param>
          </params>
          <reporter-output>
          </reporter-output>
        </test-method> <!-- getResult -->
        <test-method signature="ExtractCouseName()[pri:5, instance:TestCases.TC_01@46cdf8bd]" started-at="2024-04-04T15:50:59 IST" name="ExtractCouseName" finished-at="2024-04-04T15:51:00 IST" duration-ms="722" status="PASS">
          <reporter-output>
          </reporter-output>
        </test-method> <!-- ExtractCouseName -->
        <test-method is-config="true" signature="getResult(org.testng.ITestResult)[pri:0, instance:TestCases.TC_01@46cdf8bd]" started-at="2024-04-04T15:51:00 IST" name="getResult" finished-at="2024-04-04T15:51:00 IST" duration-ms="1" status="PASS">
          <params>
            <param index="0">
              <value>
                <![CDATA[[TestResult name=ExtractCouseName status=SUCCESS method=TC_01.ExtractCouseName()[pri:5, instance:TestCases.TC_01@46cdf8bd] output={null}]]]>
              </value>
            </param>
          </params>
          <reporter-output>
          </reporter-output>
        </test-method> <!-- getResult -->
        <test-method signature="checkRatings()[pri:6, instance:TestCases.TC_01@46cdf8bd]" started-at="2024-04-04T15:51:00 IST" name="checkRatings" finished-at="2024-04-04T15:51:04 IST" duration-ms="4147" status="PASS">
          <reporter-output>
          </reporter-output>
        </test-method> <!-- checkRatings -->
        <test-method is-config="true" signature="getResult(org.testng.ITestResult)[pri:0, instance:TestCases.TC_01@46cdf8bd]" started-at="2024-04-04T15:51:04 IST" name="getResult" finished-at="2024-04-04T15:51:04 IST" duration-ms="1" status="PASS">
          <params>
            <param index="0">
              <value>
                <![CDATA[[TestResult name=checkRatings status=SUCCESS method=TC_01.checkRatings()[pri:6, instance:TestCases.TC_01@46cdf8bd] output={null}]]]>
              </value>
            </param>
          </params>
          <reporter-output>
          </reporter-output>
        </test-method> <!-- getResult -->
        <test-method signature="checkCountHours()[pri:7, instance:TestCases.TC_01@46cdf8bd]" started-at="2024-04-04T15:51:04 IST" name="checkCountHours" finished-at="2024-04-04T15:51:40 IST" duration-ms="35723" status="PASS">
          <reporter-output>
          </reporter-output>
        </test-method> <!-- checkCountHours -->
        <test-method is-config="true" signature="getResult(org.testng.ITestResult)[pri:0, instance:TestCases.TC_01@46cdf8bd]" started-at="2024-04-04T15:51:40 IST" name="getResult" finished-at="2024-04-04T15:51:40 IST" duration-ms="2" status="PASS">
          <params>
            <param index="0">
              <value>
                <![CDATA[[TestResult name=checkCountHours status=SUCCESS method=TC_01.checkCountHours()[pri:7, instance:TestCases.TC_01@46cdf8bd] output={null}]]]>
              </value>
            </param>
          </params>
          <reporter-output>
          </reporter-output>
        </test-method> <!-- getResult -->
        <test-method is-config="true" signature="afterSuite()[pri:0, instance:TestCases.TC_01@46cdf8bd]" started-at="2024-04-04T15:52:18 IST" name="afterSuite" finished-at="2024-04-04T15:52:30 IST" duration-ms="11785" status="PASS">
          <reporter-output>
          </reporter-output>
        </test-method> <!-- afterSuite -->
        <test-method is-config="true" signature="tearDown()[pri:0, instance:TestCases.TC_01@46cdf8bd]" started-at="2024-04-04T15:52:30 IST" name="tearDown" finished-at="2024-04-04T15:52:31 IST" duration-ms="1176" status="PASS">
          <reporter-output>
          </reporter-output>
        </test-method> <!-- tearDown -->
      </class> <!-- TestCases.TC_01 -->
      <class name="TestCases.TC_02">
        <test-method signature="checkTotalLanguages()[pri:1, instance:TestCases.TC_02@f0c8a99]" started-at="2024-04-04T15:51:40 IST" name="checkTotalLanguages" finished-at="2024-04-04T15:51:42 IST" duration-ms="1977" status="PASS">
          <reporter-output>
          </reporter-output>
        </test-method> <!-- checkTotalLanguages -->
        <test-method is-config="true" signature="getResult(org.testng.ITestResult)[pri:0, instance:TestCases.TC_02@f0c8a99]" started-at="2024-04-04T15:51:42 IST" name="getResult" finished-at="2024-04-04T15:51:42 IST" duration-ms="1" status="PASS">
          <params>
            <param index="0">
              <value>
                <![CDATA[[TestResult name=checkTotalLanguages status=SUCCESS method=TC_02.checkTotalLanguages()[pri:1, instance:TestCases.TC_02@f0c8a99] output={null}]]]>
              </value>
            </param>
          </params>
          <reporter-output>
          </reporter-output>
        </test-method> <!-- getResult -->
        <test-method signature="checkForLevels()[pri:2, instance:TestCases.TC_02@f0c8a99]" started-at="2024-04-04T15:51:42 IST" name="checkForLevels" finished-at="2024-04-04T15:51:42 IST" duration-ms="180" status="PASS">
          <reporter-output>
          </reporter-output>
        </test-method> <!-- checkForLevels -->
        <test-method is-config="true" signature="getResult(org.testng.ITestResult)[pri:0, instance:TestCases.TC_02@f0c8a99]" started-at="2024-04-04T15:51:42 IST" name="getResult" finished-at="2024-04-04T15:51:42 IST" duration-ms="0" status="PASS">
          <params>
            <param index="0">
              <value>
                <![CDATA[[TestResult name=checkForLevels status=SUCCESS method=TC_02.checkForLevels()[pri:2, instance:TestCases.TC_02@f0c8a99] output={null}]]]>
              </value>
            </param>
          </params>
          <reporter-output>
          </reporter-output>
        </test-method> <!-- getResult -->
      </class> <!-- TestCases.TC_02 -->
      <class name="TestCases.TC_03">
        <test-method signature="clickForCampus()[pri:1, instance:TestCases.TC_03@740cae06]" started-at="2024-04-04T15:51:42 IST" name="clickForCampus" finished-at="2024-04-04T15:52:09 IST" duration-ms="27050" status="PASS">
          <reporter-output>
          </reporter-output>
        </test-method> <!-- clickForCampus -->
        <test-method is-config="true" signature="getResult(org.testng.ITestResult)[pri:0, instance:TestCases.TC_03@740cae06]" started-at="2024-04-04T15:52:09 IST" name="getResult" finished-at="2024-04-04T15:52:09 IST" duration-ms="1" status="PASS">
          <params>
            <param index="0">
              <value>
                <![CDATA[[TestResult name=clickForCampus status=SUCCESS method=TC_03.clickForCampus()[pri:1, instance:TestCases.TC_03@740cae06] output={null}]]]>
              </value>
            </param>
          </params>
          <reporter-output>
          </reporter-output>
        </test-method> <!-- getResult -->
        <test-method signature="enterFormValues(java.lang.String,java.lang.String,java.lang.String,java.lang.String,java.lang.String)[pri:2, instance:TestCases.TC_03@740cae06]" started-at="2024-04-04T15:52:09 IST" name="enterFormValues" data-provider="dp" finished-at="2024-04-04T15:52:18 IST" depends-on-methods="TestCases.TC_03.clickForCampus" duration-ms="8156" status="PASS">
          <params>
            <param index="0">
              <value>
                <![CDATA[Barry]]>
              </value>
            </param>
            <param index="1">
              <value>
                <![CDATA[allen]]>
              </value>
            </param>
            <param index="2">
              <value>
                <![CDATA[barryallen]]>
              </value>
            </param>
            <param index="3">
              <value>
                <![CDATA[9.87654321E8]]>
              </value>
            </param>
            <param index="4">
              <value>
                <![CDATA[CTS1]]>
              </value>
            </param>
          </params>
          <reporter-output>
          </reporter-output>
        </test-method> <!-- enterFormValues -->
        <test-method is-config="true" signature="getResult(org.testng.ITestResult)[pri:0, instance:TestCases.TC_03@740cae06]" started-at="2024-04-04T15:52:18 IST" name="getResult" finished-at="2024-04-04T15:52:18 IST" duration-ms="1" status="PASS">
          <params>
            <param index="0">
              <value>
                <![CDATA[[TestResult name=enterFormValues status=SUCCESS method=TC_03.enterFormValues(java.lang.String,java.lang.String,java.lang.String,java.lang.String,java.lang.String)[pri:2, instance:TestCases.TC_03@740cae06] output={null}]]]>
              </value>
            </param>
          </params>
          <reporter-output>
          </reporter-output>
        </test-method> <!-- getResult -->
        <test-method signature="captureErrorMessage()[pri:3, instance:TestCases.TC_03@740cae06]" started-at="2024-04-04T15:52:18 IST" name="captureErrorMessage" finished-at="2024-04-04T15:52:18 IST" depends-on-methods="TestCases.TC_03.enterFormValues" duration-ms="461" status="PASS">
          <reporter-output>
          </reporter-output>
        </test-method> <!-- captureErrorMessage -->
        <test-method is-config="true" signature="getResult(org.testng.ITestResult)[pri:0, instance:TestCases.TC_03@740cae06]" started-at="2024-04-04T15:52:18 IST" name="getResult" finished-at="2024-04-04T15:52:18 IST" duration-ms="0" status="PASS">
          <params>
            <param index="0">
              <value>
                <![CDATA[[TestResult name=captureErrorMessage status=SUCCESS method=TC_03.captureErrorMessage()[pri:3, instance:TestCases.TC_03@740cae06] output={null}]]]>
              </value>
            </param>
          </params>
          <reporter-output>
          </reporter-output>
        </test-method> <!-- getResult -->
      </class> <!-- TestCases.TC_03 -->
    </test> <!-- Test2 -->
  </suite> <!-- Suite -->
</testng-results>
